Started GET "/" for ::1 at 2018-05-13 15:50:23 +0900
Processing by Rails::WelcomeController#index as HTML
  Parameters: {"internal"=>true}
  Rendering /Users/mac/.rbenv/versions/2.5.0/lib/ruby/gems/2.5.0/gems/railties-5.0.2/lib/rails/templates/rails/welcome/index.html.erb
  Rendered /Users/mac/.rbenv/versions/2.5.0/lib/ruby/gems/2.5.0/gems/railties-5.0.2/lib/rails/templates/rails/welcome/index.html.erb (4.3ms)
Completed 200 OK in 18ms (Views: 12.7ms | ActiveRecord: 0.0ms)


  [1m[35m (1.4ms)[0m  [1m[35mCREATE TABLE "schema_migrations" ("version" varchar NOT NULL PRIMARY KEY)[0m
  [1m[35m (1.2ms)[0m  [1m[35mCREATE TABLE "ar_internal_metadata" ("key" varchar NOT NULL PRIMARY KEY, "value" varchar, "created_at" datetime NOT NULL, "updated_at" datetime NOT NULL)[0m
  [1m[36mActiveRecord::SchemaMigration Load (0.2ms)[0m  [1m[34mSELECT "schema_migrations".* FROM "schema_migrations"[0m
Migrating to CreateTasks (20180513065048)
  [1m[35m (0.1ms)[0m  [1m[36mbegin transaction[0m
  [1m[35m (0.5ms)[0m  [1m[35mCREATE TABLE "tasks" ("id" INTEGER PRIMARY KEY AUTOINCREMENT NOT NULL, "name" varchar, "shosai" varchar, "kigen" datetime, "kanryo" boolean, "created_at" datetime NOT NULL, "updated_at" datetime NOT NULL)[0m
  [1m[35mSQL (0.2ms)[0m  [1m[32mINSERT INTO "schema_migrations" ("version") VALUES (?)[0m  [["version", "20180513065048"]]
  [1m[35m (1.0ms)[0m  [1m[36mcommit transaction[0m
  [1m[36mActiveRecord::InternalMetadata Load (0.1ms)[0m  [1m[34mSELECT  "ar_internal_metadata".* FROM "ar_internal_metadata" WHERE "ar_internal_metadata"."key" = ? LIMIT ?[0m  [["key", :environment], ["LIMIT", 1]]
  [1m[35m (0.0ms)[0m  [1m[36mbegin transaction[0m
  [1m[35mSQL (0.5ms)[0m  [1m[32mINSERT INTO "ar_internal_metadata" ("key", "value", "created_at", "updated_at") VALUES (?, ?, ?, ?)[0m  [["key", "environment"], ["value", "development"], ["created_at", 2018-05-13 06:51:45 UTC], ["updated_at", 2018-05-13 06:51:45 UTC]]
  [1m[35m (0.8ms)[0m  [1m[36mcommit transaction[0m
  [1m[36mActiveRecord::SchemaMigration Load (0.1ms)[0m  [1m[34mSELECT "schema_migrations".* FROM "schema_migrations"[0m
  [1m[36mTask Load (1.3ms)[0m  [1m[34mSELECT "tasks".* FROM "tasks"[0m
  [1m[36mActiveRecord::SchemaMigration Load (0.1ms)[0m  [1m[34mSELECT "schema_migrations".* FROM "schema_migrations"[0m
  [1m[35mSQL (3.0ms)[0m  [1m[31mDELETE FROM "tasks"[0m
  [1m[35m (0.1ms)[0m  [1m[36mbegin transaction[0m
  [1m[35mSQL (0.9ms)[0m  [1m[32mINSERT INTO "tasks" ("name", "shosai", "kigen", "kanryo", "created_at", "updated_at") VALUES (?, ?, ?, ?, ?, ?)[0m  [["name", "環境構築"], ["shosai", "macでruby on rails5の環境構築を行う"], ["kigen", 2018-05-13 00:00:00 UTC], ["kanryo", false], ["created_at", 2018-05-13 06:52:47 UTC], ["updated_at", 2018-05-13 06:52:47 UTC]]
  [1m[35m (0.8ms)[0m  [1m[36mcommit transaction[0m
  [1m[35m (0.0ms)[0m  [1m[36mbegin transaction[0m
  [1m[35mSQL (0.4ms)[0m  [1m[32mINSERT INTO "tasks" ("name", "shosai", "kigen", "kanryo", "created_at", "updated_at") VALUES (?, ?, ?, ?, ?, ?)[0m  [["name", "タスク管理"], ["shosai", "タスク管理アプリを作成する"], ["kigen", 2018-05-14 00:00:00 UTC], ["kanryo", false], ["created_at", 2018-05-13 06:52:47 UTC], ["updated_at", 2018-05-13 06:52:47 UTC]]
  [1m[35m (0.8ms)[0m  [1m[36mcommit transaction[0m
  [1m[35m (0.0ms)[0m  [1m[36mbegin transaction[0m
  [1m[35mSQL (0.5ms)[0m  [1m[32mINSERT INTO "tasks" ("name", "shosai", "kigen", "kanryo", "created_at", "updated_at") VALUES (?, ?, ?, ?, ?, ?)[0m  [["name", "http通信"], ["shosai", "http通信のget、postについて勉強する"], ["kigen", 2018-05-15 00:00:00 UTC], ["kanryo", false], ["created_at", 2018-05-13 06:52:47 UTC], ["updated_at", 2018-05-13 06:52:47 UTC]]
  [1m[35m (0.8ms)[0m  [1m[36mcommit transaction[0m
  [1m[35m (0.0ms)[0m  [1m[36mbegin transaction[0m
  [1m[35mSQL (0.4ms)[0m  [1m[32mINSERT INTO "tasks" ("name", "shosai", "kigen", "kanryo", "created_at", "updated_at") VALUES (?, ?, ?, ?, ?, ?)[0m  [["name", "bootstrap"], ["shosai", "bootstrapの使い方を覚える"], ["kigen", 2018-05-16 00:00:00 UTC], ["kanryo", false], ["created_at", 2018-05-13 06:52:47 UTC], ["updated_at", 2018-05-13 06:52:47 UTC]]
  [1m[35m (0.8ms)[0m  [1m[36mcommit transaction[0m
  [1m[35m (0.0ms)[0m  [1m[36mbegin transaction[0m
  [1m[35mSQL (0.4ms)[0m  [1m[32mINSERT INTO "tasks" ("name", "shosai", "kigen", "kanryo", "created_at", "updated_at") VALUES (?, ?, ?, ?, ?, ?)[0m  [["name", "sampleタスク1"], ["shosai", "sampleタスク詳細1234567890"], ["kigen", 2018-05-23 00:00:00 UTC], ["kanryo", false], ["created_at", 2018-05-13 06:52:47 UTC], ["updated_at", 2018-05-13 06:52:47 UTC]]
  [1m[35m (0.8ms)[0m  [1m[36mcommit transaction[0m
  [1m[35m (0.1ms)[0m  [1m[36mbegin transaction[0m
  [1m[35mSQL (0.5ms)[0m  [1m[32mINSERT INTO "tasks" ("name", "shosai", "kigen", "kanryo", "created_at", "updated_at") VALUES (?, ?, ?, ?, ?, ?)[0m  [["name", "sampleタスク2"], ["shosai", "sampleタスク詳細1234567890"], ["kigen", 2018-05-23 00:00:00 UTC], ["kanryo", true], ["created_at", 2018-05-13 06:52:47 UTC], ["updated_at", 2018-05-13 06:52:47 UTC]]
  [1m[35m (0.8ms)[0m  [1m[36mcommit transaction[0m
  [1m[35m (0.1ms)[0m  [1m[36mbegin transaction[0m
  [1m[35mSQL (0.5ms)[0m  [1m[32mINSERT INTO "tasks" ("name", "shosai", "kigen", "kanryo", "created_at", "updated_at") VALUES (?, ?, ?, ?, ?, ?)[0m  [["name", "sampleタスク3"], ["shosai", "sampleタスク詳細1234567890"], ["kigen", 2018-05-23 00:00:00 UTC], ["kanryo", false], ["created_at", 2018-05-13 06:52:47 UTC], ["updated_at", 2018-05-13 06:52:47 UTC]]
  [1m[35m (0.9ms)[0m  [1m[36mcommit transaction[0m
  [1m[35m (0.1ms)[0m  [1m[36mbegin transaction[0m
  [1m[35mSQL (0.4ms)[0m  [1m[32mINSERT INTO "tasks" ("name", "shosai", "kigen", "kanryo", "created_at", "updated_at") VALUES (?, ?, ?, ?, ?, ?)[0m  [["name", "sampleタスク4"], ["shosai", "sampleタスク詳細1234567890"], ["kigen", 2018-05-23 00:00:00 UTC], ["kanryo", true], ["created_at", 2018-05-13 06:52:47 UTC], ["updated_at", 2018-05-13 06:52:47 UTC]]
  [1m[35m (1.6ms)[0m  [1m[36mcommit transaction[0m
  [1m[35m (0.0ms)[0m  [1m[36mbegin transaction[0m
  [1m[35mSQL (0.4ms)[0m  [1m[32mINSERT INTO "tasks" ("name", "shosai", "kigen", "kanryo", "created_at", "updated_at") VALUES (?, ?, ?, ?, ?, ?)[0m  [["name", "sampleタスク5"], ["shosai", "sampleタスク詳細1234567890"], ["kigen", 2018-05-23 00:00:00 UTC], ["kanryo", false], ["created_at", 2018-05-13 06:52:47 UTC], ["updated_at", 2018-05-13 06:52:47 UTC]]
  [1m[35m (0.8ms)[0m  [1m[36mcommit transaction[0m
  [1m[35m (0.0ms)[0m  [1m[36mbegin transaction[0m
  [1m[35mSQL (0.5ms)[0m  [1m[32mINSERT INTO "tasks" ("name", "shosai", "kigen", "kanryo", "created_at", "updated_at") VALUES (?, ?, ?, ?, ?, ?)[0m  [["name", "sampleタスク6"], ["shosai", "sampleタスク詳細1234567890"], ["kigen", 2018-05-23 00:00:00 UTC], ["kanryo", true], ["created_at", 2018-05-13 06:52:47 UTC], ["updated_at", 2018-05-13 06:52:47 UTC]]
  [1m[35m (0.7ms)[0m  [1m[36mcommit transaction[0m
  [1m[35m (0.0ms)[0m  [1m[36mbegin transaction[0m
  [1m[35mSQL (0.4ms)[0m  [1m[32mINSERT INTO "tasks" ("name", "shosai", "kigen", "kanryo", "created_at", "updated_at") VALUES (?, ?, ?, ?, ?, ?)[0m  [["name", "sampleタスク7"], ["shosai", "sampleタスク詳細1234567890"], ["kigen", 2018-05-23 00:00:00 UTC], ["kanryo", false], ["created_at", 2018-05-13 06:52:47 UTC], ["updated_at", 2018-05-13 06:52:47 UTC]]
  [1m[35m (0.8ms)[0m  [1m[36mcommit transaction[0m
  [1m[35m (0.1ms)[0m  [1m[36mbegin transaction[0m
  [1m[35mSQL (0.5ms)[0m  [1m[32mINSERT INTO "tasks" ("name", "shosai", "kigen", "kanryo", "created_at", "updated_at") VALUES (?, ?, ?, ?, ?, ?)[0m  [["name", "sampleタスク8"], ["shosai", "sampleタスク詳細1234567890"], ["kigen", 2018-05-23 00:00:00 UTC], ["kanryo", true], ["created_at", 2018-05-13 06:52:47 UTC], ["updated_at", 2018-05-13 06:52:47 UTC]]
  [1m[35m (0.8ms)[0m  [1m[36mcommit transaction[0m
  [1m[35m (0.0ms)[0m  [1m[36mbegin transaction[0m
  [1m[35mSQL (0.4ms)[0m  [1m[32mINSERT INTO "tasks" ("name", "shosai", "kigen", "kanryo", "created_at", "updated_at") VALUES (?, ?, ?, ?, ?, ?)[0m  [["name", "sampleタスク9"], ["shosai", "sampleタスク詳細1234567890"], ["kigen", 2018-05-23 00:00:00 UTC], ["kanryo", false], ["created_at", 2018-05-13 06:52:47 UTC], ["updated_at", 2018-05-13 06:52:47 UTC]]
  [1m[35m (0.8ms)[0m  [1m[36mcommit transaction[0m
  [1m[35m (0.1ms)[0m  [1m[36mbegin transaction[0m
  [1m[35mSQL (1.1ms)[0m  [1m[32mINSERT INTO "tasks" ("name", "shosai", "kigen", "kanryo", "created_at", "updated_at") VALUES (?, ?, ?, ?, ?, ?)[0m  [["name", "sampleタスク10"], ["shosai", "sampleタスク詳細1234567890"], ["kigen", 2018-05-23 00:00:00 UTC], ["kanryo", true], ["created_at", 2018-05-13 06:52:47 UTC], ["updated_at", 2018-05-13 06:52:47 UTC]]
  [1m[35m (0.8ms)[0m  [1m[36mcommit transaction[0m
  [1m[35m (0.0ms)[0m  [1m[36mbegin transaction[0m
  [1m[35mSQL (0.4ms)[0m  [1m[32mINSERT INTO "tasks" ("name", "shosai", "kigen", "kanryo", "created_at", "updated_at") VALUES (?, ?, ?, ?, ?, ?)[0m  [["name", "sampleタスク11"], ["shosai", "sampleタスク詳細1234567890"], ["kigen", 2018-05-23 00:00:00 UTC], ["kanryo", false], ["created_at", 2018-05-13 06:52:47 UTC], ["updated_at", 2018-05-13 06:52:47 UTC]]
  [1m[35m (0.7ms)[0m  [1m[36mcommit transaction[0m
  [1m[35m (0.0ms)[0m  [1m[36mbegin transaction[0m
  [1m[35mSQL (1.1ms)[0m  [1m[32mINSERT INTO "tasks" ("name", "shosai", "kigen", "kanryo", "created_at", "updated_at") VALUES (?, ?, ?, ?, ?, ?)[0m  [["name", "sampleタスク12"], ["shosai", "sampleタスク詳細1234567890"], ["kigen", 2018-05-23 00:00:00 UTC], ["kanryo", true], ["created_at", 2018-05-13 06:52:47 UTC], ["updated_at", 2018-05-13 06:52:47 UTC]]
  [1m[35m (0.8ms)[0m  [1m[36mcommit transaction[0m
  [1m[35m (0.1ms)[0m  [1m[36mbegin transaction[0m
  [1m[35mSQL (0.4ms)[0m  [1m[32mINSERT INTO "tasks" ("name", "shosai", "kigen", "kanryo", "created_at", "updated_at") VALUES (?, ?, ?, ?, ?, ?)[0m  [["name", "sampleタスク13"], ["shosai", "sampleタスク詳細1234567890"], ["kigen", 2018-05-23 00:00:00 UTC], ["kanryo", false], ["created_at", 2018-05-13 06:52:47 UTC], ["updated_at", 2018-05-13 06:52:47 UTC]]
  [1m[35m (0.8ms)[0m  [1m[36mcommit transaction[0m
  [1m[35m (0.0ms)[0m  [1m[36mbegin transaction[0m
  [1m[35mSQL (0.4ms)[0m  [1m[32mINSERT INTO "tasks" ("name", "shosai", "kigen", "kanryo", "created_at", "updated_at") VALUES (?, ?, ?, ?, ?, ?)[0m  [["name", "sampleタスク14"], ["shosai", "sampleタスク詳細1234567890"], ["kigen", 2018-05-23 00:00:00 UTC], ["kanryo", true], ["created_at", 2018-05-13 06:52:47 UTC], ["updated_at", 2018-05-13 06:52:47 UTC]]
  [1m[35m (0.8ms)[0m  [1m[36mcommit transaction[0m
  [1m[35m (0.0ms)[0m  [1m[36mbegin transaction[0m
  [1m[35mSQL (0.4ms)[0m  [1m[32mINSERT INTO "tasks" ("name", "shosai", "kigen", "kanryo", "created_at", "updated_at") VALUES (?, ?, ?, ?, ?, ?)[0m  [["name", "sampleタスク15"], ["shosai", "sampleタスク詳細1234567890"], ["kigen", 2018-05-23 00:00:00 UTC], ["kanryo", false], ["created_at", 2018-05-13 06:52:47 UTC], ["updated_at", 2018-05-13 06:52:47 UTC]]
  [1m[35m (0.8ms)[0m  [1m[36mcommit transaction[0m
  [1m[35m (0.8ms)[0m  [1m[36mbegin transaction[0m
  [1m[35mSQL (0.4ms)[0m  [1m[32mINSERT INTO "tasks" ("name", "shosai", "kigen", "kanryo", "created_at", "updated_at") VALUES (?, ?, ?, ?, ?, ?)[0m  [["name", "sampleタスク16"], ["shosai", "sampleタスク詳細1234567890"], ["kigen", 2018-05-23 00:00:00 UTC], ["kanryo", true], ["created_at", 2018-05-13 06:52:47 UTC], ["updated_at", 2018-05-13 06:52:47 UTC]]
  [1m[35m (0.8ms)[0m  [1m[36mcommit transaction[0m
  [1m[35m (0.1ms)[0m  [1m[36mbegin transaction[0m
  [1m[35mSQL (0.4ms)[0m  [1m[32mINSERT INTO "tasks" ("name", "shosai", "kigen", "kanryo", "created_at", "updated_at") VALUES (?, ?, ?, ?, ?, ?)[0m  [["name", "sampleタスク17"], ["shosai", "sampleタスク詳細1234567890"], ["kigen", 2018-05-23 00:00:00 UTC], ["kanryo", false], ["created_at", 2018-05-13 06:52:47 UTC], ["updated_at", 2018-05-13 06:52:47 UTC]]
  [1m[35m (0.8ms)[0m  [1m[36mcommit transaction[0m
  [1m[35m (0.0ms)[0m  [1m[36mbegin transaction[0m
  [1m[35mSQL (0.4ms)[0m  [1m[32mINSERT INTO "tasks" ("name", "shosai", "kigen", "kanryo", "created_at", "updated_at") VALUES (?, ?, ?, ?, ?, ?)[0m  [["name", "sampleタスク18"], ["shosai", "sampleタスク詳細1234567890"], ["kigen", 2018-05-23 00:00:00 UTC], ["kanryo", true], ["created_at", 2018-05-13 06:52:47 UTC], ["updated_at", 2018-05-13 06:52:47 UTC]]
  [1m[35m (0.9ms)[0m  [1m[36mcommit transaction[0m
  [1m[35m (0.0ms)[0m  [1m[36mbegin transaction[0m
  [1m[35mSQL (0.5ms)[0m  [1m[32mINSERT INTO "tasks" ("name", "shosai", "kigen", "kanryo", "created_at", "updated_at") VALUES (?, ?, ?, ?, ?, ?)[0m  [["name", "sampleタスク19"], ["shosai", "sampleタスク詳細1234567890"], ["kigen", 2018-05-23 00:00:00 UTC], ["kanryo", false], ["created_at", 2018-05-13 06:52:47 UTC], ["updated_at", 2018-05-13 06:52:47 UTC]]
  [1m[35m (0.9ms)[0m  [1m[36mcommit transaction[0m
  [1m[35m (0.0ms)[0m  [1m[36mbegin transaction[0m
  [1m[35mSQL (0.4ms)[0m  [1m[32mINSERT INTO "tasks" ("name", "shosai", "kigen", "kanryo", "created_at", "updated_at") VALUES (?, ?, ?, ?, ?, ?)[0m  [["name", "sampleタスク20"], ["shosai", "sampleタスク詳細1234567890"], ["kigen", 2018-05-23 00:00:00 UTC], ["kanryo", true], ["created_at", 2018-05-13 06:52:47 UTC], ["updated_at", 2018-05-13 06:52:47 UTC]]
  [1m[35m (0.7ms)[0m  [1m[36mcommit transaction[0m
  [1m[35m (0.0ms)[0m  [1m[36mbegin transaction[0m
  [1m[35mSQL (0.4ms)[0m  [1m[32mINSERT INTO "tasks" ("name", "shosai", "kigen", "kanryo", "created_at", "updated_at") VALUES (?, ?, ?, ?, ?, ?)[0m  [["name", "sampleタスク21"], ["shosai", "sampleタスク詳細1234567890"], ["kigen", 2018-05-23 00:00:00 UTC], ["kanryo", false], ["created_at", 2018-05-13 06:52:47 UTC], ["updated_at", 2018-05-13 06:52:47 UTC]]
  [1m[35m (1.3ms)[0m  [1m[36mcommit transaction[0m
  [1m[35m (0.0ms)[0m  [1m[36mbegin transaction[0m
  [1m[35mSQL (0.4ms)[0m  [1m[32mINSERT INTO "tasks" ("name", "shosai", "kigen", "kanryo", "created_at", "updated_at") VALUES (?, ?, ?, ?, ?, ?)[0m  [["name", "sampleタスク22"], ["shosai", "sampleタスク詳細1234567890"], ["kigen", 2018-05-23 00:00:00 UTC], ["kanryo", true], ["created_at", 2018-05-13 06:52:47 UTC], ["updated_at", 2018-05-13 06:52:47 UTC]]
  [1m[35m (0.8ms)[0m  [1m[36mcommit transaction[0m
  [1m[35m (0.0ms)[0m  [1m[36mbegin transaction[0m
  [1m[35mSQL (0.4ms)[0m  [1m[32mINSERT INTO "tasks" ("name", "shosai", "kigen", "kanryo", "created_at", "updated_at") VALUES (?, ?, ?, ?, ?, ?)[0m  [["name", "sampleタスク23"], ["shosai", "sampleタスク詳細1234567890"], ["kigen", 2018-05-23 00:00:00 UTC], ["kanryo", false], ["created_at", 2018-05-13 06:52:47 UTC], ["updated_at", 2018-05-13 06:52:47 UTC]]
  [1m[35m (0.7ms)[0m  [1m[36mcommit transaction[0m
  [1m[35m (0.1ms)[0m  [1m[36mbegin transaction[0m
  [1m[35mSQL (0.4ms)[0m  [1m[32mINSERT INTO "tasks" ("name", "shosai", "kigen", "kanryo", "created_at", "updated_at") VALUES (?, ?, ?, ?, ?, ?)[0m  [["name", "sampleタスク24"], ["shosai", "sampleタスク詳細1234567890"], ["kigen", 2018-05-23 00:00:00 UTC], ["kanryo", true], ["created_at", 2018-05-13 06:52:47 UTC], ["updated_at", 2018-05-13 06:52:47 UTC]]
  [1m[35m (0.7ms)[0m  [1m[36mcommit transaction[0m
  [1m[35m (0.0ms)[0m  [1m[36mbegin transaction[0m
  [1m[35mSQL (0.4ms)[0m  [1m[32mINSERT INTO "tasks" ("name", "shosai", "kigen", "kanryo", "created_at", "updated_at") VALUES (?, ?, ?, ?, ?, ?)[0m  [["name", "sampleタスク25"], ["shosai", "sampleタスク詳細1234567890"], ["kigen", 2018-05-23 00:00:00 UTC], ["kanryo", false], ["created_at", 2018-05-13 06:52:47 UTC], ["updated_at", 2018-05-13 06:52:47 UTC]]
  [1m[35m (0.8ms)[0m  [1m[36mcommit transaction[0m
  [1m[35m (0.1ms)[0m  [1m[36mbegin transaction[0m
  [1m[35mSQL (0.4ms)[0m  [1m[32mINSERT INTO "tasks" ("name", "shosai", "kigen", "kanryo", "created_at", "updated_at") VALUES (?, ?, ?, ?, ?, ?)[0m  [["name", "sampleタスク26"], ["shosai", "sampleタスク詳細1234567890"], ["kigen", 2018-05-23 00:00:00 UTC], ["kanryo", true], ["created_at", 2018-05-13 06:52:47 UTC], ["updated_at", 2018-05-13 06:52:47 UTC]]
  [1m[35m (1.0ms)[0m  [1m[36mcommit transaction[0m
  [1m[35m (0.0ms)[0m  [1m[36mbegin transaction[0m
  [1m[35mSQL (0.5ms)[0m  [1m[32mINSERT INTO "tasks" ("name", "shosai", "kigen", "kanryo", "created_at", "updated_at") VALUES (?, ?, ?, ?, ?, ?)[0m  [["name", "sampleタスク27"], ["shosai", "sampleタスク詳細1234567890"], ["kigen", 2018-05-23 00:00:00 UTC], ["kanryo", false], ["created_at", 2018-05-13 06:52:47 UTC], ["updated_at", 2018-05-13 06:52:47 UTC]]
  [1m[35m (1.0ms)[0m  [1m[36mcommit transaction[0m
  [1m[35m (0.0ms)[0m  [1m[36mbegin transaction[0m
  [1m[35mSQL (0.4ms)[0m  [1m[32mINSERT INTO "tasks" ("name", "shosai", "kigen", "kanryo", "created_at", "updated_at") VALUES (?, ?, ?, ?, ?, ?)[0m  [["name", "sampleタスク28"], ["shosai", "sampleタスク詳細1234567890"], ["kigen", 2018-05-23 00:00:00 UTC], ["kanryo", true], ["created_at", 2018-05-13 06:52:47 UTC], ["updated_at", 2018-05-13 06:52:47 UTC]]
  [1m[35m (0.8ms)[0m  [1m[36mcommit transaction[0m
  [1m[35m (0.0ms)[0m  [1m[36mbegin transaction[0m
  [1m[35mSQL (0.4ms)[0m  [1m[32mINSERT INTO "tasks" ("name", "shosai", "kigen", "kanryo", "created_at", "updated_at") VALUES (?, ?, ?, ?, ?, ?)[0m  [["name", "sampleタスク29"], ["shosai", "sampleタスク詳細1234567890"], ["kigen", 2018-05-23 00:00:00 UTC], ["kanryo", false], ["created_at", 2018-05-13 06:52:47 UTC], ["updated_at", 2018-05-13 06:52:47 UTC]]
  [1m[35m (0.8ms)[0m  [1m[36mcommit transaction[0m
  [1m[35m (0.0ms)[0m  [1m[36mbegin transaction[0m
  [1m[35mSQL (0.4ms)[0m  [1m[32mINSERT INTO "tasks" ("name", "shosai", "kigen", "kanryo", "created_at", "updated_at") VALUES (?, ?, ?, ?, ?, ?)[0m  [["name", "sampleタスク30"], ["shosai", "sampleタスク詳細1234567890"], ["kigen", 2018-05-23 00:00:00 UTC], ["kanryo", true], ["created_at", 2018-05-13 06:52:47 UTC], ["updated_at", 2018-05-13 06:52:47 UTC]]
  [1m[35m (0.8ms)[0m  [1m[36mcommit transaction[0m
  [1m[36mTask Load (1.5ms)[0m  [1m[34mSELECT "tasks".* FROM "tasks"[0m
Started GET "/" for ::1 at 2018-05-13 15:57:38 +0900
  [1m[36mActiveRecord::SchemaMigration Load (0.2ms)[0m  [1m[34mSELECT "schema_migrations".* FROM "schema_migrations"[0m
Processing by TasksController#index as HTML
  Rendering tasks/index.html.erb within layouts/application
  Rendered tasks/index.html.erb within layouts/application (1.6ms)
Completed 500 Internal Server Error in 223ms (ActiveRecord: 0.0ms)


  
ActionView::Template::Error (couldn't find file 'turbolinks' with type 'application/javascript'
Checked in these paths: 
  /Users/mac/task_kanri/app/assets/config
  /Users/mac/task_kanri/app/assets/images
  /Users/mac/task_kanri/app/assets/javascripts
  /Users/mac/task_kanri/app/assets/stylesheets
  /Users/mac/.rbenv/versions/2.5.0/lib/ruby/gems/2.5.0/gems/actioncable-5.0.2/lib/assets/compiled
  /Users/mac/.rbenv/versions/2.5.0/lib/ruby/gems/2.5.0/gems/rails-ujs-0.1.0/dist
  /Users/mac/task_kanri/node_modules):
    4:     <title>TaskKanri</title>
    5:     <%= csrf_meta_tags %>
    6: 
    7:     <%= stylesheet_link_tag    'application', media: 'all', 'data-turbolinks-track': 'reload' %>
    8:     <%= javascript_include_tag 'application', 'data-turbolinks-track': 'reload' %>
    9:   </head>
   10: 
  
app/assets/javascripts/application.js:14
app/views/layouts/application.html.erb:7:in `_app_views_layouts_application_html_erb__3370064092417477500_70236572264540'
  Rendering /Users/mac/.rbenv/versions/2.5.0/lib/ruby/gems/2.5.0/gems/actionpack-5.0.2/lib/action_dispatch/middleware/templates/rescues/template_error.html.erb within rescues/layout
  Rendering /Users/mac/.rbenv/versions/2.5.0/lib/ruby/gems/2.5.0/gems/actionpack-5.0.2/lib/action_dispatch/middleware/templates/rescues/_source.html.erb
  Rendered /Users/mac/.rbenv/versions/2.5.0/lib/ruby/gems/2.5.0/gems/actionpack-5.0.2/lib/action_dispatch/middleware/templates/rescues/_source.html.erb (6.7ms)
  Rendering /Users/mac/.rbenv/versions/2.5.0/lib/ruby/gems/2.5.0/gems/actionpack-5.0.2/lib/action_dispatch/middleware/templates/rescues/_trace.html.erb
  Rendered /Users/mac/.rbenv/versions/2.5.0/lib/ruby/gems/2.5.0/gems/actionpack-5.0.2/lib/action_dispatch/middleware/templates/rescues/_trace.html.erb (2.3ms)
  Rendering /Users/mac/.rbenv/versions/2.5.0/lib/ruby/gems/2.5.0/gems/actionpack-5.0.2/lib/action_dispatch/middleware/templates/rescues/_request_and_response.html.erb
  Rendered /Users/mac/.rbenv/versions/2.5.0/lib/ruby/gems/2.5.0/gems/actionpack-5.0.2/lib/action_dispatch/middleware/templates/rescues/_request_and_response.html.erb (0.8ms)
  Rendered /Users/mac/.rbenv/versions/2.5.0/lib/ruby/gems/2.5.0/gems/actionpack-5.0.2/lib/action_dispatch/middleware/templates/rescues/template_error.html.erb within rescues/layout (137.8ms)
Started GET "/" for ::1 at 2018-05-13 15:59:01 +0900
  [1m[36mActiveRecord::SchemaMigration Load (0.2ms)[0m  [1m[34mSELECT "schema_migrations".* FROM "schema_migrations"[0m
Processing by TasksController#index as HTML
  Rendering tasks/index.html.erb within layouts/application
  Rendered tasks/index.html.erb within layouts/application (1.3ms)
Completed 500 Internal Server Error in 196ms (ActiveRecord: 0.0ms)


  
ActionView::Template::Error (couldn't find file 'turbolinks' with type 'application/javascript'
Checked in these paths: 
  /Users/mac/task_kanri/app/assets/config
  /Users/mac/task_kanri/app/assets/images
  /Users/mac/task_kanri/app/assets/javascripts
  /Users/mac/task_kanri/app/assets/stylesheets
  /Users/mac/.rbenv/versions/2.5.0/lib/ruby/gems/2.5.0/gems/actioncable-5.0.2/lib/assets/compiled
  /Users/mac/.rbenv/versions/2.5.0/lib/ruby/gems/2.5.0/gems/rails-ujs-0.1.0/dist
  /Users/mac/task_kanri/node_modules):
     8:   <%= csrf_meta_tags %>
     9:   <link rel="stylesheet" href="//code.jquery.com/ui/1.12.1/themes/base/jquery-ui.css">
    10:   <link rel="stylesheet" href="https://maxcdn.bootstrapcdn.com/bootstrap/3.3.7/css/bootstrap.min.css">
    11:   <%= stylesheet_link_tag    'application', media: 'all' %>
    12:   <script src="https://code.jquery.com/jquery-3.2.1.js"></script>
    13:   <script src="https://code.jquery.com/ui/1.12.1/jquery-ui.js"></script>
    14:   <%= javascript_include_tag 'application' %>
  
app/assets/javascripts/application.js:14
app/views/layouts/application.html.erb:11:in `_app_views_layouts_application_html_erb__1970008423739577113_70263049638100'
  Rendering /Users/mac/.rbenv/versions/2.5.0/lib/ruby/gems/2.5.0/gems/actionpack-5.0.2/lib/action_dispatch/middleware/templates/rescues/template_error.html.erb within rescues/layout
  Rendering /Users/mac/.rbenv/versions/2.5.0/lib/ruby/gems/2.5.0/gems/actionpack-5.0.2/lib/action_dispatch/middleware/templates/rescues/_source.html.erb
  Rendered /Users/mac/.rbenv/versions/2.5.0/lib/ruby/gems/2.5.0/gems/actionpack-5.0.2/lib/action_dispatch/middleware/templates/rescues/_source.html.erb (6.6ms)
  Rendering /Users/mac/.rbenv/versions/2.5.0/lib/ruby/gems/2.5.0/gems/actionpack-5.0.2/lib/action_dispatch/middleware/templates/rescues/_trace.html.erb
  Rendered /Users/mac/.rbenv/versions/2.5.0/lib/ruby/gems/2.5.0/gems/actionpack-5.0.2/lib/action_dispatch/middleware/templates/rescues/_trace.html.erb (2.6ms)
  Rendering /Users/mac/.rbenv/versions/2.5.0/lib/ruby/gems/2.5.0/gems/actionpack-5.0.2/lib/action_dispatch/middleware/templates/rescues/_request_and_response.html.erb
  Rendered /Users/mac/.rbenv/versions/2.5.0/lib/ruby/gems/2.5.0/gems/actionpack-5.0.2/lib/action_dispatch/middleware/templates/rescues/_request_and_response.html.erb (0.8ms)
  Rendered /Users/mac/.rbenv/versions/2.5.0/lib/ruby/gems/2.5.0/gems/actionpack-5.0.2/lib/action_dispatch/middleware/templates/rescues/template_error.html.erb within rescues/layout (134.1ms)
Started GET "/" for ::1 at 2018-05-13 15:59:28 +0900
  [1m[36mActiveRecord::SchemaMigration Load (0.2ms)[0m  [1m[34mSELECT "schema_migrations".* FROM "schema_migrations"[0m
Processing by TasksController#index as HTML
  Rendering tasks/index.html.erb within layouts/application
  Rendered tasks/index.html.erb within layouts/application (1.9ms)
Completed 500 Internal Server Error in 179ms (ActiveRecord: 0.0ms)


  
ActionView::Template::Error (couldn't find file 'turbolinks' with type 'application/javascript'
Checked in these paths: 
  /Users/mac/task_kanri/app/assets/config
  /Users/mac/task_kanri/app/assets/images
  /Users/mac/task_kanri/app/assets/javascripts
  /Users/mac/task_kanri/app/assets/stylesheets
  /Users/mac/.rbenv/versions/2.5.0/lib/ruby/gems/2.5.0/gems/actioncable-5.0.2/lib/assets/compiled
  /Users/mac/.rbenv/versions/2.5.0/lib/ruby/gems/2.5.0/gems/rails-ujs-0.1.0/dist
  /Users/mac/task_kanri/node_modules):
     8:   <%= csrf_meta_tags %>
     9:   <link rel="stylesheet" href="//code.jquery.com/ui/1.12.1/themes/base/jquery-ui.css">
    10:   <link rel="stylesheet" href="https://maxcdn.bootstrapcdn.com/bootstrap/3.3.7/css/bootstrap.min.css">
    11:   <%= stylesheet_link_tag    'application', media: 'all' %>
    12:   <script src="https://code.jquery.com/jquery-3.2.1.js"></script>
    13:   <script src="https://code.jquery.com/ui/1.12.1/jquery-ui.js"></script>
    14:   <%= javascript_include_tag 'application' %>
  
app/assets/javascripts/application.js:14
app/views/layouts/application.html.erb:11:in `_app_views_layouts_application_html_erb__2703402619654952921_70311107539900'
  Rendering /Users/mac/.rbenv/versions/2.5.0/lib/ruby/gems/2.5.0/gems/actionpack-5.0.2/lib/action_dispatch/middleware/templates/rescues/template_error.html.erb within rescues/layout
  Rendering /Users/mac/.rbenv/versions/2.5.0/lib/ruby/gems/2.5.0/gems/actionpack-5.0.2/lib/action_dispatch/middleware/templates/rescues/_source.html.erb
  Rendered /Users/mac/.rbenv/versions/2.5.0/lib/ruby/gems/2.5.0/gems/actionpack-5.0.2/lib/action_dispatch/middleware/templates/rescues/_source.html.erb (9.2ms)
  Rendering /Users/mac/.rbenv/versions/2.5.0/lib/ruby/gems/2.5.0/gems/actionpack-5.0.2/lib/action_dispatch/middleware/templates/rescues/_trace.html.erb
  Rendered /Users/mac/.rbenv/versions/2.5.0/lib/ruby/gems/2.5.0/gems/actionpack-5.0.2/lib/action_dispatch/middleware/templates/rescues/_trace.html.erb (2.6ms)
  Rendering /Users/mac/.rbenv/versions/2.5.0/lib/ruby/gems/2.5.0/gems/actionpack-5.0.2/lib/action_dispatch/middleware/templates/rescues/_request_and_response.html.erb
  Rendered /Users/mac/.rbenv/versions/2.5.0/lib/ruby/gems/2.5.0/gems/actionpack-5.0.2/lib/action_dispatch/middleware/templates/rescues/_request_and_response.html.erb (1.2ms)
  Rendered /Users/mac/.rbenv/versions/2.5.0/lib/ruby/gems/2.5.0/gems/actionpack-5.0.2/lib/action_dispatch/middleware/templates/rescues/template_error.html.erb within rescues/layout (125.2ms)
Started GET "/" for ::1 at 2018-05-13 16:01:32 +0900
Processing by TasksController#index as HTML
  Rendering tasks/index.html.erb within layouts/application
  Rendered tasks/index.html.erb within layouts/application (0.3ms)
Completed 200 OK in 81ms (Views: 78.9ms | ActiveRecord: 0.0ms)


Started GET "/" for ::1 at 2018-05-13 16:01:36 +0900
Processing by TasksController#index as HTML
  Rendering tasks/index.html.erb within layouts/application
  Rendered tasks/index.html.erb within layouts/application (0.3ms)
Completed 200 OK in 18ms (Views: 15.9ms | ActiveRecord: 0.0ms)


Started GET "/" for ::1 at 2018-05-13 16:08:26 +0900
  
LoadError (Unable to autoload constant TasksController, expected /Users/mac/task_kanri/app/controllers/tasks_controller.rb to define it):
  
activesupport (5.0.2) lib/active_support/dependencies.rb:512:in `load_missing_constant'
activesupport (5.0.2) lib/active_support/dependencies.rb:203:in `const_missing'
activesupport (5.0.2) lib/active_support/inflector/methods.rb:268:in `const_get'
activesupport (5.0.2) lib/active_support/inflector/methods.rb:268:in `block in constantize'
activesupport (5.0.2) lib/active_support/inflector/methods.rb:266:in `each'
activesupport (5.0.2) lib/active_support/inflector/methods.rb:266:in `inject'
activesupport (5.0.2) lib/active_support/inflector/methods.rb:266:in `constantize'
activesupport (5.0.2) lib/active_support/dependencies.rb:583:in `get'
activesupport (5.0.2) lib/active_support/dependencies.rb:614:in `constantize'
actionpack (5.0.2) lib/action_dispatch/http/request.rb:81:in `controller_class'
actionpack (5.0.2) lib/action_dispatch/routing/route_set.rb:44:in `controller'
actionpack (5.0.2) lib/action_dispatch/routing/route_set.rb:30:in `serve'
actionpack (5.0.2) lib/action_dispatch/journey/router.rb:39:in `block in serve'
actionpack (5.0.2) lib/action_dispatch/journey/router.rb:26:in `each'
actionpack (5.0.2) lib/action_dispatch/journey/router.rb:26:in `serve'
actionpack (5.0.2) lib/action_dispatch/routing/route_set.rb:725:in `call'
rack (2.0.5) lib/rack/etag.rb:25:in `call'
rack (2.0.5) lib/rack/conditional_get.rb:25:in `call'
rack (2.0.5) lib/rack/head.rb:12:in `call'
rack (2.0.5) lib/rack/session/abstract/id.rb:232:in `context'
rack (2.0.5) lib/rack/session/abstract/id.rb:226:in `call'
actionpack (5.0.2) lib/action_dispatch/middleware/cookies.rb:613:in `call'
activerecord (5.0.2) lib/active_record/migration.rb:553:in `call'
actionpack (5.0.2) lib/action_dispatch/middleware/callbacks.rb:38:in `block in call'
activesupport (5.0.2) lib/active_support/callbacks.rb:97:in `__run_callbacks__'
activesupport (5.0.2) lib/active_support/callbacks.rb:750:in `_run_call_callbacks'
activesupport (5.0.2) lib/active_support/callbacks.rb:90:in `run_callbacks'
actionpack (5.0.2) lib/action_dispatch/middleware/callbacks.rb:36:in `call'
actionpack (5.0.2) lib/action_dispatch/middleware/executor.rb:12:in `call'
actionpack (5.0.2) lib/action_dispatch/middleware/remote_ip.rb:79:in `call'
actionpack (5.0.2) lib/action_dispatch/middleware/debug_exceptions.rb:49:in `call'
actionpack (5.0.2) lib/action_dispatch/middleware/show_exceptions.rb:31:in `call'
railties (5.0.2) lib/rails/rack/logger.rb:36:in `call_app'
railties (5.0.2) lib/rails/rack/logger.rb:24:in `block in call'
activesupport (5.0.2) lib/active_support/tagged_logging.rb:69:in `block in tagged'
activesupport (5.0.2) lib/active_support/tagged_logging.rb:26:in `tagged'
activesupport (5.0.2) lib/active_support/tagged_logging.rb:69:in `tagged'
railties (5.0.2) lib/rails/rack/logger.rb:24:in `call'
sprockets-rails (3.2.1) lib/sprockets/rails/quiet_assets.rb:13:in `call'
actionpack (5.0.2) lib/action_dispatch/middleware/request_id.rb:24:in `call'
rack (2.0.5) lib/rack/method_override.rb:22:in `call'
rack (2.0.5) lib/rack/runtime.rb:22:in `call'
activesupport (5.0.2) lib/active_support/cache/strategy/local_cache_middleware.rb:28:in `call'
actionpack (5.0.2) lib/action_dispatch/middleware/executor.rb:12:in `call'
actionpack (5.0.2) lib/action_dispatch/middleware/static.rb:136:in `call'
rack (2.0.5) lib/rack/sendfile.rb:111:in `call'
railties (5.0.2) lib/rails/engine.rb:522:in `call'
puma (3.9.1) lib/puma/configuration.rb:224:in `call'
puma (3.9.1) lib/puma/server.rb:602:in `handle_request'
puma (3.9.1) lib/puma/server.rb:435:in `process_client'
puma (3.9.1) lib/puma/server.rb:299:in `block in run'
puma (3.9.1) lib/puma/thread_pool.rb:120:in `block in spawn_thread'
  Rendering /Users/mac/.rbenv/versions/2.5.0/lib/ruby/gems/2.5.0/gems/actionpack-5.0.2/lib/action_dispatch/middleware/templates/rescues/diagnostics.html.erb within rescues/layout
  Rendering /Users/mac/.rbenv/versions/2.5.0/lib/ruby/gems/2.5.0/gems/actionpack-5.0.2/lib/action_dispatch/middleware/templates/rescues/_source.html.erb
  Rendered /Users/mac/.rbenv/versions/2.5.0/lib/ruby/gems/2.5.0/gems/actionpack-5.0.2/lib/action_dispatch/middleware/templates/rescues/_source.html.erb (4.0ms)
  Rendering /Users/mac/.rbenv/versions/2.5.0/lib/ruby/gems/2.5.0/gems/actionpack-5.0.2/lib/action_dispatch/middleware/templates/rescues/_trace.html.erb
  Rendered /Users/mac/.rbenv/versions/2.5.0/lib/ruby/gems/2.5.0/gems/actionpack-5.0.2/lib/action_dispatch/middleware/templates/rescues/_trace.html.erb (1.8ms)
  Rendering /Users/mac/.rbenv/versions/2.5.0/lib/ruby/gems/2.5.0/gems/actionpack-5.0.2/lib/action_dispatch/middleware/templates/rescues/_request_and_response.html.erb
  Rendered /Users/mac/.rbenv/versions/2.5.0/lib/ruby/gems/2.5.0/gems/actionpack-5.0.2/lib/action_dispatch/middleware/templates/rescues/_request_and_response.html.erb (1.4ms)
  Rendered /Users/mac/.rbenv/versions/2.5.0/lib/ruby/gems/2.5.0/gems/actionpack-5.0.2/lib/action_dispatch/middleware/templates/rescues/diagnostics.html.erb within rescues/layout (128.5ms)
Started GET "/" for ::1 at 2018-05-13 16:10:47 +0900
  
LoadError (Unable to autoload constant TasksController, expected /Users/mac/task_kanri/app/controllers/tasks_controller.rb to define it):
  
activesupport (5.0.2) lib/active_support/dependencies.rb:512:in `load_missing_constant'
activesupport (5.0.2) lib/active_support/dependencies.rb:203:in `const_missing'
activesupport (5.0.2) lib/active_support/inflector/methods.rb:268:in `const_get'
activesupport (5.0.2) lib/active_support/inflector/methods.rb:268:in `block in constantize'
activesupport (5.0.2) lib/active_support/inflector/methods.rb:266:in `each'
activesupport (5.0.2) lib/active_support/inflector/methods.rb:266:in `inject'
activesupport (5.0.2) lib/active_support/inflector/methods.rb:266:in `constantize'
activesupport (5.0.2) lib/active_support/dependencies.rb:583:in `get'
activesupport (5.0.2) lib/active_support/dependencies.rb:614:in `constantize'
actionpack (5.0.2) lib/action_dispatch/http/request.rb:81:in `controller_class'
actionpack (5.0.2) lib/action_dispatch/routing/route_set.rb:44:in `controller'
actionpack (5.0.2) lib/action_dispatch/routing/route_set.rb:30:in `serve'
actionpack (5.0.2) lib/action_dispatch/journey/router.rb:39:in `block in serve'
actionpack (5.0.2) lib/action_dispatch/journey/router.rb:26:in `each'
actionpack (5.0.2) lib/action_dispatch/journey/router.rb:26:in `serve'
actionpack (5.0.2) lib/action_dispatch/routing/route_set.rb:725:in `call'
rack (2.0.5) lib/rack/etag.rb:25:in `call'
rack (2.0.5) lib/rack/conditional_get.rb:25:in `call'
rack (2.0.5) lib/rack/head.rb:12:in `call'
rack (2.0.5) lib/rack/session/abstract/id.rb:232:in `context'
rack (2.0.5) lib/rack/session/abstract/id.rb:226:in `call'
actionpack (5.0.2) lib/action_dispatch/middleware/cookies.rb:613:in `call'
activerecord (5.0.2) lib/active_record/migration.rb:553:in `call'
actionpack (5.0.2) lib/action_dispatch/middleware/callbacks.rb:38:in `block in call'
activesupport (5.0.2) lib/active_support/callbacks.rb:97:in `__run_callbacks__'
activesupport (5.0.2) lib/active_support/callbacks.rb:750:in `_run_call_callbacks'
activesupport (5.0.2) lib/active_support/callbacks.rb:90:in `run_callbacks'
actionpack (5.0.2) lib/action_dispatch/middleware/callbacks.rb:36:in `call'
actionpack (5.0.2) lib/action_dispatch/middleware/executor.rb:12:in `call'
actionpack (5.0.2) lib/action_dispatch/middleware/remote_ip.rb:79:in `call'
actionpack (5.0.2) lib/action_dispatch/middleware/debug_exceptions.rb:49:in `call'
actionpack (5.0.2) lib/action_dispatch/middleware/show_exceptions.rb:31:in `call'
railties (5.0.2) lib/rails/rack/logger.rb:36:in `call_app'
railties (5.0.2) lib/rails/rack/logger.rb:24:in `block in call'
activesupport (5.0.2) lib/active_support/tagged_logging.rb:69:in `block in tagged'
activesupport (5.0.2) lib/active_support/tagged_logging.rb:26:in `tagged'
activesupport (5.0.2) lib/active_support/tagged_logging.rb:69:in `tagged'
railties (5.0.2) lib/rails/rack/logger.rb:24:in `call'
sprockets-rails (3.2.1) lib/sprockets/rails/quiet_assets.rb:13:in `call'
actionpack (5.0.2) lib/action_dispatch/middleware/request_id.rb:24:in `call'
rack (2.0.5) lib/rack/method_override.rb:22:in `call'
rack (2.0.5) lib/rack/runtime.rb:22:in `call'
activesupport (5.0.2) lib/active_support/cache/strategy/local_cache_middleware.rb:28:in `call'
actionpack (5.0.2) lib/action_dispatch/middleware/executor.rb:12:in `call'
actionpack (5.0.2) lib/action_dispatch/middleware/static.rb:136:in `call'
rack (2.0.5) lib/rack/sendfile.rb:111:in `call'
railties (5.0.2) lib/rails/engine.rb:522:in `call'
puma (3.9.1) lib/puma/configuration.rb:224:in `call'
puma (3.9.1) lib/puma/server.rb:602:in `handle_request'
puma (3.9.1) lib/puma/server.rb:435:in `process_client'
puma (3.9.1) lib/puma/server.rb:299:in `block in run'
puma (3.9.1) lib/puma/thread_pool.rb:120:in `block in spawn_thread'
  Rendering /Users/mac/.rbenv/versions/2.5.0/lib/ruby/gems/2.5.0/gems/actionpack-5.0.2/lib/action_dispatch/middleware/templates/rescues/diagnostics.html.erb within rescues/layout
  Rendering /Users/mac/.rbenv/versions/2.5.0/lib/ruby/gems/2.5.0/gems/actionpack-5.0.2/lib/action_dispatch/middleware/templates/rescues/_source.html.erb
  Rendered /Users/mac/.rbenv/versions/2.5.0/lib/ruby/gems/2.5.0/gems/actionpack-5.0.2/lib/action_dispatch/middleware/templates/rescues/_source.html.erb (3.2ms)
  Rendering /Users/mac/.rbenv/versions/2.5.0/lib/ruby/gems/2.5.0/gems/actionpack-5.0.2/lib/action_dispatch/middleware/templates/rescues/_trace.html.erb
  Rendered /Users/mac/.rbenv/versions/2.5.0/lib/ruby/gems/2.5.0/gems/actionpack-5.0.2/lib/action_dispatch/middleware/templates/rescues/_trace.html.erb (3.4ms)
  Rendering /Users/mac/.rbenv/versions/2.5.0/lib/ruby/gems/2.5.0/gems/actionpack-5.0.2/lib/action_dispatch/middleware/templates/rescues/_request_and_response.html.erb
  Rendered /Users/mac/.rbenv/versions/2.5.0/lib/ruby/gems/2.5.0/gems/actionpack-5.0.2/lib/action_dispatch/middleware/templates/rescues/_request_and_response.html.erb (1.2ms)
  Rendered /Users/mac/.rbenv/versions/2.5.0/lib/ruby/gems/2.5.0/gems/actionpack-5.0.2/lib/action_dispatch/middleware/templates/rescues/diagnostics.html.erb within rescues/layout (130.3ms)
Started GET "/" for ::1 at 2018-05-13 16:14:26 +0900
  
LoadError (Unable to autoload constant TasksController, expected /Users/mac/task_kanri/app/controllers/tasks_controller.rb to define it):
  
activesupport (5.0.2) lib/active_support/dependencies.rb:512:in `load_missing_constant'
activesupport (5.0.2) lib/active_support/dependencies.rb:203:in `const_missing'
activesupport (5.0.2) lib/active_support/inflector/methods.rb:268:in `const_get'
activesupport (5.0.2) lib/active_support/inflector/methods.rb:268:in `block in constantize'
activesupport (5.0.2) lib/active_support/inflector/methods.rb:266:in `each'
activesupport (5.0.2) lib/active_support/inflector/methods.rb:266:in `inject'
activesupport (5.0.2) lib/active_support/inflector/methods.rb:266:in `constantize'
activesupport (5.0.2) lib/active_support/dependencies.rb:583:in `get'
activesupport (5.0.2) lib/active_support/dependencies.rb:614:in `constantize'
actionpack (5.0.2) lib/action_dispatch/http/request.rb:81:in `controller_class'
actionpack (5.0.2) lib/action_dispatch/routing/route_set.rb:44:in `controller'
actionpack (5.0.2) lib/action_dispatch/routing/route_set.rb:30:in `serve'
actionpack (5.0.2) lib/action_dispatch/journey/router.rb:39:in `block in serve'
actionpack (5.0.2) lib/action_dispatch/journey/router.rb:26:in `each'
actionpack (5.0.2) lib/action_dispatch/journey/router.rb:26:in `serve'
actionpack (5.0.2) lib/action_dispatch/routing/route_set.rb:725:in `call'
rack (2.0.5) lib/rack/etag.rb:25:in `call'
rack (2.0.5) lib/rack/conditional_get.rb:25:in `call'
rack (2.0.5) lib/rack/head.rb:12:in `call'
rack (2.0.5) lib/rack/session/abstract/id.rb:232:in `context'
rack (2.0.5) lib/rack/session/abstract/id.rb:226:in `call'
actionpack (5.0.2) lib/action_dispatch/middleware/cookies.rb:613:in `call'
activerecord (5.0.2) lib/active_record/migration.rb:553:in `call'
actionpack (5.0.2) lib/action_dispatch/middleware/callbacks.rb:38:in `block in call'
activesupport (5.0.2) lib/active_support/callbacks.rb:97:in `__run_callbacks__'
activesupport (5.0.2) lib/active_support/callbacks.rb:750:in `_run_call_callbacks'
activesupport (5.0.2) lib/active_support/callbacks.rb:90:in `run_callbacks'
actionpack (5.0.2) lib/action_dispatch/middleware/callbacks.rb:36:in `call'
actionpack (5.0.2) lib/action_dispatch/middleware/executor.rb:12:in `call'
actionpack (5.0.2) lib/action_dispatch/middleware/remote_ip.rb:79:in `call'
actionpack (5.0.2) lib/action_dispatch/middleware/debug_exceptions.rb:49:in `call'
actionpack (5.0.2) lib/action_dispatch/middleware/show_exceptions.rb:31:in `call'
railties (5.0.2) lib/rails/rack/logger.rb:36:in `call_app'
railties (5.0.2) lib/rails/rack/logger.rb:24:in `block in call'
activesupport (5.0.2) lib/active_support/tagged_logging.rb:69:in `block in tagged'
activesupport (5.0.2) lib/active_support/tagged_logging.rb:26:in `tagged'
activesupport (5.0.2) lib/active_support/tagged_logging.rb:69:in `tagged'
railties (5.0.2) lib/rails/rack/logger.rb:24:in `call'
sprockets-rails (3.2.1) lib/sprockets/rails/quiet_assets.rb:13:in `call'
actionpack (5.0.2) lib/action_dispatch/middleware/request_id.rb:24:in `call'
rack (2.0.5) lib/rack/method_override.rb:22:in `call'
rack (2.0.5) lib/rack/runtime.rb:22:in `call'
activesupport (5.0.2) lib/active_support/cache/strategy/local_cache_middleware.rb:28:in `call'
actionpack (5.0.2) lib/action_dispatch/middleware/executor.rb:12:in `call'
actionpack (5.0.2) lib/action_dispatch/middleware/static.rb:136:in `call'
rack (2.0.5) lib/rack/sendfile.rb:111:in `call'
railties (5.0.2) lib/rails/engine.rb:522:in `call'
puma (3.9.1) lib/puma/configuration.rb:224:in `call'
puma (3.9.1) lib/puma/server.rb:602:in `handle_request'
puma (3.9.1) lib/puma/server.rb:435:in `process_client'
puma (3.9.1) lib/puma/server.rb:299:in `block in run'
puma (3.9.1) lib/puma/thread_pool.rb:120:in `block in spawn_thread'
  Rendering /Users/mac/.rbenv/versions/2.5.0/lib/ruby/gems/2.5.0/gems/actionpack-5.0.2/lib/action_dispatch/middleware/templates/rescues/diagnostics.html.erb within rescues/layout
  Rendering /Users/mac/.rbenv/versions/2.5.0/lib/ruby/gems/2.5.0/gems/actionpack-5.0.2/lib/action_dispatch/middleware/templates/rescues/_source.html.erb
  Rendered /Users/mac/.rbenv/versions/2.5.0/lib/ruby/gems/2.5.0/gems/actionpack-5.0.2/lib/action_dispatch/middleware/templates/rescues/_source.html.erb (3.5ms)
  Rendering /Users/mac/.rbenv/versions/2.5.0/lib/ruby/gems/2.5.0/gems/actionpack-5.0.2/lib/action_dispatch/middleware/templates/rescues/_trace.html.erb
  Rendered /Users/mac/.rbenv/versions/2.5.0/lib/ruby/gems/2.5.0/gems/actionpack-5.0.2/lib/action_dispatch/middleware/templates/rescues/_trace.html.erb (2.9ms)
  Rendering /Users/mac/.rbenv/versions/2.5.0/lib/ruby/gems/2.5.0/gems/actionpack-5.0.2/lib/action_dispatch/middleware/templates/rescues/_request_and_response.html.erb
  Rendered /Users/mac/.rbenv/versions/2.5.0/lib/ruby/gems/2.5.0/gems/actionpack-5.0.2/lib/action_dispatch/middleware/templates/rescues/_request_and_response.html.erb (1.1ms)
  Rendered /Users/mac/.rbenv/versions/2.5.0/lib/ruby/gems/2.5.0/gems/actionpack-5.0.2/lib/action_dispatch/middleware/templates/rescues/diagnostics.html.erb within rescues/layout (132.5ms)
Started GET "/" for ::1 at 2018-05-13 16:17:05 +0900
  
LoadError (Unable to autoload constant TasksController, expected /Users/mac/task_kanri/app/controllers/tasks_controller.rb to define it):
  
activesupport (5.0.2) lib/active_support/dependencies.rb:512:in `load_missing_constant'
activesupport (5.0.2) lib/active_support/dependencies.rb:203:in `const_missing'
activesupport (5.0.2) lib/active_support/inflector/methods.rb:268:in `const_get'
activesupport (5.0.2) lib/active_support/inflector/methods.rb:268:in `block in constantize'
activesupport (5.0.2) lib/active_support/inflector/methods.rb:266:in `each'
activesupport (5.0.2) lib/active_support/inflector/methods.rb:266:in `inject'
activesupport (5.0.2) lib/active_support/inflector/methods.rb:266:in `constantize'
activesupport (5.0.2) lib/active_support/dependencies.rb:583:in `get'
activesupport (5.0.2) lib/active_support/dependencies.rb:614:in `constantize'
actionpack (5.0.2) lib/action_dispatch/http/request.rb:81:in `controller_class'
actionpack (5.0.2) lib/action_dispatch/routing/route_set.rb:44:in `controller'
actionpack (5.0.2) lib/action_dispatch/routing/route_set.rb:30:in `serve'
actionpack (5.0.2) lib/action_dispatch/journey/router.rb:39:in `block in serve'
actionpack (5.0.2) lib/action_dispatch/journey/router.rb:26:in `each'
actionpack (5.0.2) lib/action_dispatch/journey/router.rb:26:in `serve'
actionpack (5.0.2) lib/action_dispatch/routing/route_set.rb:725:in `call'
rack (2.0.5) lib/rack/etag.rb:25:in `call'
rack (2.0.5) lib/rack/conditional_get.rb:25:in `call'
rack (2.0.5) lib/rack/head.rb:12:in `call'
rack (2.0.5) lib/rack/session/abstract/id.rb:232:in `context'
rack (2.0.5) lib/rack/session/abstract/id.rb:226:in `call'
actionpack (5.0.2) lib/action_dispatch/middleware/cookies.rb:613:in `call'
activerecord (5.0.2) lib/active_record/migration.rb:553:in `call'
actionpack (5.0.2) lib/action_dispatch/middleware/callbacks.rb:38:in `block in call'
activesupport (5.0.2) lib/active_support/callbacks.rb:97:in `__run_callbacks__'
activesupport (5.0.2) lib/active_support/callbacks.rb:750:in `_run_call_callbacks'
activesupport (5.0.2) lib/active_support/callbacks.rb:90:in `run_callbacks'
actionpack (5.0.2) lib/action_dispatch/middleware/callbacks.rb:36:in `call'
actionpack (5.0.2) lib/action_dispatch/middleware/executor.rb:12:in `call'
actionpack (5.0.2) lib/action_dispatch/middleware/remote_ip.rb:79:in `call'
actionpack (5.0.2) lib/action_dispatch/middleware/debug_exceptions.rb:49:in `call'
actionpack (5.0.2) lib/action_dispatch/middleware/show_exceptions.rb:31:in `call'
railties (5.0.2) lib/rails/rack/logger.rb:36:in `call_app'
railties (5.0.2) lib/rails/rack/logger.rb:24:in `block in call'
activesupport (5.0.2) lib/active_support/tagged_logging.rb:69:in `block in tagged'
activesupport (5.0.2) lib/active_support/tagged_logging.rb:26:in `tagged'
activesupport (5.0.2) lib/active_support/tagged_logging.rb:69:in `tagged'
railties (5.0.2) lib/rails/rack/logger.rb:24:in `call'
sprockets-rails (3.2.1) lib/sprockets/rails/quiet_assets.rb:13:in `call'
actionpack (5.0.2) lib/action_dispatch/middleware/request_id.rb:24:in `call'
rack (2.0.5) lib/rack/method_override.rb:22:in `call'
rack (2.0.5) lib/rack/runtime.rb:22:in `call'
activesupport (5.0.2) lib/active_support/cache/strategy/local_cache_middleware.rb:28:in `call'
actionpack (5.0.2) lib/action_dispatch/middleware/executor.rb:12:in `call'
actionpack (5.0.2) lib/action_dispatch/middleware/static.rb:136:in `call'
rack (2.0.5) lib/rack/sendfile.rb:111:in `call'
railties (5.0.2) lib/rails/engine.rb:522:in `call'
puma (3.9.1) lib/puma/configuration.rb:224:in `call'
puma (3.9.1) lib/puma/server.rb:602:in `handle_request'
puma (3.9.1) lib/puma/server.rb:435:in `process_client'
puma (3.9.1) lib/puma/server.rb:299:in `block in run'
puma (3.9.1) lib/puma/thread_pool.rb:120:in `block in spawn_thread'
  Rendering /Users/mac/.rbenv/versions/2.5.0/lib/ruby/gems/2.5.0/gems/actionpack-5.0.2/lib/action_dispatch/middleware/templates/rescues/diagnostics.html.erb within rescues/layout
  Rendering /Users/mac/.rbenv/versions/2.5.0/lib/ruby/gems/2.5.0/gems/actionpack-5.0.2/lib/action_dispatch/middleware/templates/rescues/_source.html.erb
  Rendered /Users/mac/.rbenv/versions/2.5.0/lib/ruby/gems/2.5.0/gems/actionpack-5.0.2/lib/action_dispatch/middleware/templates/rescues/_source.html.erb (5.0ms)
  Rendering /Users/mac/.rbenv/versions/2.5.0/lib/ruby/gems/2.5.0/gems/actionpack-5.0.2/lib/action_dispatch/middleware/templates/rescues/_trace.html.erb
  Rendered /Users/mac/.rbenv/versions/2.5.0/lib/ruby/gems/2.5.0/gems/actionpack-5.0.2/lib/action_dispatch/middleware/templates/rescues/_trace.html.erb (1.7ms)
  Rendering /Users/mac/.rbenv/versions/2.5.0/lib/ruby/gems/2.5.0/gems/actionpack-5.0.2/lib/action_dispatch/middleware/templates/rescues/_request_and_response.html.erb
  Rendered /Users/mac/.rbenv/versions/2.5.0/lib/ruby/gems/2.5.0/gems/actionpack-5.0.2/lib/action_dispatch/middleware/templates/rescues/_request_and_response.html.erb (1.2ms)
  Rendered /Users/mac/.rbenv/versions/2.5.0/lib/ruby/gems/2.5.0/gems/actionpack-5.0.2/lib/action_dispatch/middleware/templates/rescues/diagnostics.html.erb within rescues/layout (129.4ms)
Started GET "/" for ::1 at 2018-05-13 16:19:12 +0900
  [1m[36mActiveRecord::SchemaMigration Load (0.2ms)[0m  [1m[34mSELECT "schema_migrations".* FROM "schema_migrations"[0m
  
LoadError (Unable to autoload constant TasksController, expected /Users/mac/task_kanri/app/controllers/tasks_controller.rb to define it):
  
activesupport (5.0.2) lib/active_support/dependencies.rb:512:in `load_missing_constant'
activesupport (5.0.2) lib/active_support/dependencies.rb:203:in `const_missing'
activesupport (5.0.2) lib/active_support/inflector/methods.rb:268:in `const_get'
activesupport (5.0.2) lib/active_support/inflector/methods.rb:268:in `block in constantize'
activesupport (5.0.2) lib/active_support/inflector/methods.rb:266:in `each'
activesupport (5.0.2) lib/active_support/inflector/methods.rb:266:in `inject'
activesupport (5.0.2) lib/active_support/inflector/methods.rb:266:in `constantize'
activesupport (5.0.2) lib/active_support/dependencies.rb:583:in `get'
activesupport (5.0.2) lib/active_support/dependencies.rb:614:in `constantize'
actionpack (5.0.2) lib/action_dispatch/http/request.rb:81:in `controller_class'
actionpack (5.0.2) lib/action_dispatch/routing/route_set.rb:44:in `controller'
actionpack (5.0.2) lib/action_dispatch/routing/route_set.rb:30:in `serve'
actionpack (5.0.2) lib/action_dispatch/journey/router.rb:39:in `block in serve'
actionpack (5.0.2) lib/action_dispatch/journey/router.rb:26:in `each'
actionpack (5.0.2) lib/action_dispatch/journey/router.rb:26:in `serve'
actionpack (5.0.2) lib/action_dispatch/routing/route_set.rb:725:in `call'
rack (2.0.5) lib/rack/etag.rb:25:in `call'
rack (2.0.5) lib/rack/conditional_get.rb:25:in `call'
rack (2.0.5) lib/rack/head.rb:12:in `call'
rack (2.0.5) lib/rack/session/abstract/id.rb:232:in `context'
rack (2.0.5) lib/rack/session/abstract/id.rb:226:in `call'
actionpack (5.0.2) lib/action_dispatch/middleware/cookies.rb:613:in `call'
activerecord (5.0.2) lib/active_record/migration.rb:553:in `call'
actionpack (5.0.2) lib/action_dispatch/middleware/callbacks.rb:38:in `block in call'
activesupport (5.0.2) lib/active_support/callbacks.rb:97:in `__run_callbacks__'
activesupport (5.0.2) lib/active_support/callbacks.rb:750:in `_run_call_callbacks'
activesupport (5.0.2) lib/active_support/callbacks.rb:90:in `run_callbacks'
actionpack (5.0.2) lib/action_dispatch/middleware/callbacks.rb:36:in `call'
actionpack (5.0.2) lib/action_dispatch/middleware/executor.rb:12:in `call'
actionpack (5.0.2) lib/action_dispatch/middleware/remote_ip.rb:79:in `call'
actionpack (5.0.2) lib/action_dispatch/middleware/debug_exceptions.rb:49:in `call'
actionpack (5.0.2) lib/action_dispatch/middleware/show_exceptions.rb:31:in `call'
railties (5.0.2) lib/rails/rack/logger.rb:36:in `call_app'
railties (5.0.2) lib/rails/rack/logger.rb:24:in `block in call'
activesupport (5.0.2) lib/active_support/tagged_logging.rb:69:in `block in tagged'
activesupport (5.0.2) lib/active_support/tagged_logging.rb:26:in `tagged'
activesupport (5.0.2) lib/active_support/tagged_logging.rb:69:in `tagged'
railties (5.0.2) lib/rails/rack/logger.rb:24:in `call'
sprockets-rails (3.2.1) lib/sprockets/rails/quiet_assets.rb:13:in `call'
actionpack (5.0.2) lib/action_dispatch/middleware/request_id.rb:24:in `call'
rack (2.0.5) lib/rack/method_override.rb:22:in `call'
rack (2.0.5) lib/rack/runtime.rb:22:in `call'
activesupport (5.0.2) lib/active_support/cache/strategy/local_cache_middleware.rb:28:in `call'
actionpack (5.0.2) lib/action_dispatch/middleware/executor.rb:12:in `call'
actionpack (5.0.2) lib/action_dispatch/middleware/static.rb:136:in `call'
rack (2.0.5) lib/rack/sendfile.rb:111:in `call'
railties (5.0.2) lib/rails/engine.rb:522:in `call'
puma (3.9.1) lib/puma/configuration.rb:224:in `call'
puma (3.9.1) lib/puma/server.rb:602:in `handle_request'
puma (3.9.1) lib/puma/server.rb:435:in `process_client'
puma (3.9.1) lib/puma/server.rb:299:in `block in run'
puma (3.9.1) lib/puma/thread_pool.rb:120:in `block in spawn_thread'
  Rendering /Users/mac/.rbenv/versions/2.5.0/lib/ruby/gems/2.5.0/gems/actionpack-5.0.2/lib/action_dispatch/middleware/templates/rescues/diagnostics.html.erb within rescues/layout
  Rendering /Users/mac/.rbenv/versions/2.5.0/lib/ruby/gems/2.5.0/gems/actionpack-5.0.2/lib/action_dispatch/middleware/templates/rescues/_source.html.erb
  Rendered /Users/mac/.rbenv/versions/2.5.0/lib/ruby/gems/2.5.0/gems/actionpack-5.0.2/lib/action_dispatch/middleware/templates/rescues/_source.html.erb (2.7ms)
  Rendering /Users/mac/.rbenv/versions/2.5.0/lib/ruby/gems/2.5.0/gems/actionpack-5.0.2/lib/action_dispatch/middleware/templates/rescues/_trace.html.erb
  Rendered /Users/mac/.rbenv/versions/2.5.0/lib/ruby/gems/2.5.0/gems/actionpack-5.0.2/lib/action_dispatch/middleware/templates/rescues/_trace.html.erb (1.6ms)
  Rendering /Users/mac/.rbenv/versions/2.5.0/lib/ruby/gems/2.5.0/gems/actionpack-5.0.2/lib/action_dispatch/middleware/templates/rescues/_request_and_response.html.erb
  Rendered /Users/mac/.rbenv/versions/2.5.0/lib/ruby/gems/2.5.0/gems/actionpack-5.0.2/lib/action_dispatch/middleware/templates/rescues/_request_and_response.html.erb (13.9ms)
  Rendered /Users/mac/.rbenv/versions/2.5.0/lib/ruby/gems/2.5.0/gems/actionpack-5.0.2/lib/action_dispatch/middleware/templates/rescues/diagnostics.html.erb within rescues/layout (135.2ms)
Started GET "/" for ::1 at 2018-05-13 16:23:16 +0900
  
LoadError (Unable to autoload constant TasksController, expected /Users/mac/task_kanri/app/controllers/tasks_controller.rb to define it):
  
activesupport (5.0.2) lib/active_support/dependencies.rb:512:in `load_missing_constant'
activesupport (5.0.2) lib/active_support/dependencies.rb:203:in `const_missing'
activesupport (5.0.2) lib/active_support/inflector/methods.rb:268:in `const_get'
activesupport (5.0.2) lib/active_support/inflector/methods.rb:268:in `block in constantize'
activesupport (5.0.2) lib/active_support/inflector/methods.rb:266:in `each'
activesupport (5.0.2) lib/active_support/inflector/methods.rb:266:in `inject'
activesupport (5.0.2) lib/active_support/inflector/methods.rb:266:in `constantize'
activesupport (5.0.2) lib/active_support/dependencies.rb:583:in `get'
activesupport (5.0.2) lib/active_support/dependencies.rb:614:in `constantize'
actionpack (5.0.2) lib/action_dispatch/http/request.rb:81:in `controller_class'
actionpack (5.0.2) lib/action_dispatch/routing/route_set.rb:44:in `controller'
actionpack (5.0.2) lib/action_dispatch/routing/route_set.rb:30:in `serve'
actionpack (5.0.2) lib/action_dispatch/journey/router.rb:39:in `block in serve'
actionpack (5.0.2) lib/action_dispatch/journey/router.rb:26:in `each'
actionpack (5.0.2) lib/action_dispatch/journey/router.rb:26:in `serve'
actionpack (5.0.2) lib/action_dispatch/routing/route_set.rb:725:in `call'
rack (2.0.5) lib/rack/etag.rb:25:in `call'
rack (2.0.5) lib/rack/conditional_get.rb:25:in `call'
rack (2.0.5) lib/rack/head.rb:12:in `call'
rack (2.0.5) lib/rack/session/abstract/id.rb:232:in `context'
rack (2.0.5) lib/rack/session/abstract/id.rb:226:in `call'
actionpack (5.0.2) lib/action_dispatch/middleware/cookies.rb:613:in `call'
activerecord (5.0.2) lib/active_record/migration.rb:553:in `call'
actionpack (5.0.2) lib/action_dispatch/middleware/callbacks.rb:38:in `block in call'
activesupport (5.0.2) lib/active_support/callbacks.rb:97:in `__run_callbacks__'
activesupport (5.0.2) lib/active_support/callbacks.rb:750:in `_run_call_callbacks'
activesupport (5.0.2) lib/active_support/callbacks.rb:90:in `run_callbacks'
actionpack (5.0.2) lib/action_dispatch/middleware/callbacks.rb:36:in `call'
actionpack (5.0.2) lib/action_dispatch/middleware/executor.rb:12:in `call'
actionpack (5.0.2) lib/action_dispatch/middleware/remote_ip.rb:79:in `call'
actionpack (5.0.2) lib/action_dispatch/middleware/debug_exceptions.rb:49:in `call'
actionpack (5.0.2) lib/action_dispatch/middleware/show_exceptions.rb:31:in `call'
railties (5.0.2) lib/rails/rack/logger.rb:36:in `call_app'
railties (5.0.2) lib/rails/rack/logger.rb:24:in `block in call'
activesupport (5.0.2) lib/active_support/tagged_logging.rb:69:in `block in tagged'
activesupport (5.0.2) lib/active_support/tagged_logging.rb:26:in `tagged'
activesupport (5.0.2) lib/active_support/tagged_logging.rb:69:in `tagged'
railties (5.0.2) lib/rails/rack/logger.rb:24:in `call'
sprockets-rails (3.2.1) lib/sprockets/rails/quiet_assets.rb:13:in `call'
actionpack (5.0.2) lib/action_dispatch/middleware/request_id.rb:24:in `call'
rack (2.0.5) lib/rack/method_override.rb:22:in `call'
rack (2.0.5) lib/rack/runtime.rb:22:in `call'
activesupport (5.0.2) lib/active_support/cache/strategy/local_cache_middleware.rb:28:in `call'
actionpack (5.0.2) lib/action_dispatch/middleware/executor.rb:12:in `call'
actionpack (5.0.2) lib/action_dispatch/middleware/static.rb:136:in `call'
rack (2.0.5) lib/rack/sendfile.rb:111:in `call'
railties (5.0.2) lib/rails/engine.rb:522:in `call'
puma (3.9.1) lib/puma/configuration.rb:224:in `call'
puma (3.9.1) lib/puma/server.rb:602:in `handle_request'
puma (3.9.1) lib/puma/server.rb:435:in `process_client'
puma (3.9.1) lib/puma/server.rb:299:in `block in run'
puma (3.9.1) lib/puma/thread_pool.rb:120:in `block in spawn_thread'
  Rendering /Users/mac/.rbenv/versions/2.5.0/lib/ruby/gems/2.5.0/gems/actionpack-5.0.2/lib/action_dispatch/middleware/templates/rescues/diagnostics.html.erb within rescues/layout
  Rendering /Users/mac/.rbenv/versions/2.5.0/lib/ruby/gems/2.5.0/gems/actionpack-5.0.2/lib/action_dispatch/middleware/templates/rescues/_source.html.erb
  Rendered /Users/mac/.rbenv/versions/2.5.0/lib/ruby/gems/2.5.0/gems/actionpack-5.0.2/lib/action_dispatch/middleware/templates/rescues/_source.html.erb (5.2ms)
  Rendering /Users/mac/.rbenv/versions/2.5.0/lib/ruby/gems/2.5.0/gems/actionpack-5.0.2/lib/action_dispatch/middleware/templates/rescues/_trace.html.erb
  Rendered /Users/mac/.rbenv/versions/2.5.0/lib/ruby/gems/2.5.0/gems/actionpack-5.0.2/lib/action_dispatch/middleware/templates/rescues/_trace.html.erb (3.0ms)
  Rendering /Users/mac/.rbenv/versions/2.5.0/lib/ruby/gems/2.5.0/gems/actionpack-5.0.2/lib/action_dispatch/middleware/templates/rescues/_request_and_response.html.erb
  Rendered /Users/mac/.rbenv/versions/2.5.0/lib/ruby/gems/2.5.0/gems/actionpack-5.0.2/lib/action_dispatch/middleware/templates/rescues/_request_and_response.html.erb (2.7ms)
  Rendered /Users/mac/.rbenv/versions/2.5.0/lib/ruby/gems/2.5.0/gems/actionpack-5.0.2/lib/action_dispatch/middleware/templates/rescues/diagnostics.html.erb within rescues/layout (123.6ms)
Started GET "/" for ::1 at 2018-05-13 16:23:44 +0900
  
LoadError (Unable to autoload constant TasksController, expected /Users/mac/task_kanri/app/controllers/tasks_controller.rb to define it):
  
activesupport (5.0.2) lib/active_support/dependencies.rb:512:in `load_missing_constant'
activesupport (5.0.2) lib/active_support/dependencies.rb:203:in `const_missing'
activesupport (5.0.2) lib/active_support/inflector/methods.rb:268:in `const_get'
activesupport (5.0.2) lib/active_support/inflector/methods.rb:268:in `block in constantize'
activesupport (5.0.2) lib/active_support/inflector/methods.rb:266:in `each'
activesupport (5.0.2) lib/active_support/inflector/methods.rb:266:in `inject'
activesupport (5.0.2) lib/active_support/inflector/methods.rb:266:in `constantize'
activesupport (5.0.2) lib/active_support/dependencies.rb:583:in `get'
activesupport (5.0.2) lib/active_support/dependencies.rb:614:in `constantize'
actionpack (5.0.2) lib/action_dispatch/http/request.rb:81:in `controller_class'
actionpack (5.0.2) lib/action_dispatch/routing/route_set.rb:44:in `controller'
actionpack (5.0.2) lib/action_dispatch/routing/route_set.rb:30:in `serve'
actionpack (5.0.2) lib/action_dispatch/journey/router.rb:39:in `block in serve'
actionpack (5.0.2) lib/action_dispatch/journey/router.rb:26:in `each'
actionpack (5.0.2) lib/action_dispatch/journey/router.rb:26:in `serve'
actionpack (5.0.2) lib/action_dispatch/routing/route_set.rb:725:in `call'
rack (2.0.5) lib/rack/etag.rb:25:in `call'
rack (2.0.5) lib/rack/conditional_get.rb:25:in `call'
rack (2.0.5) lib/rack/head.rb:12:in `call'
rack (2.0.5) lib/rack/session/abstract/id.rb:232:in `context'
rack (2.0.5) lib/rack/session/abstract/id.rb:226:in `call'
actionpack (5.0.2) lib/action_dispatch/middleware/cookies.rb:613:in `call'
activerecord (5.0.2) lib/active_record/migration.rb:553:in `call'
actionpack (5.0.2) lib/action_dispatch/middleware/callbacks.rb:38:in `block in call'
activesupport (5.0.2) lib/active_support/callbacks.rb:97:in `__run_callbacks__'
activesupport (5.0.2) lib/active_support/callbacks.rb:750:in `_run_call_callbacks'
activesupport (5.0.2) lib/active_support/callbacks.rb:90:in `run_callbacks'
actionpack (5.0.2) lib/action_dispatch/middleware/callbacks.rb:36:in `call'
actionpack (5.0.2) lib/action_dispatch/middleware/executor.rb:12:in `call'
actionpack (5.0.2) lib/action_dispatch/middleware/remote_ip.rb:79:in `call'
actionpack (5.0.2) lib/action_dispatch/middleware/debug_exceptions.rb:49:in `call'
actionpack (5.0.2) lib/action_dispatch/middleware/show_exceptions.rb:31:in `call'
railties (5.0.2) lib/rails/rack/logger.rb:36:in `call_app'
railties (5.0.2) lib/rails/rack/logger.rb:24:in `block in call'
activesupport (5.0.2) lib/active_support/tagged_logging.rb:69:in `block in tagged'
activesupport (5.0.2) lib/active_support/tagged_logging.rb:26:in `tagged'
activesupport (5.0.2) lib/active_support/tagged_logging.rb:69:in `tagged'
railties (5.0.2) lib/rails/rack/logger.rb:24:in `call'
sprockets-rails (3.2.1) lib/sprockets/rails/quiet_assets.rb:13:in `call'
actionpack (5.0.2) lib/action_dispatch/middleware/request_id.rb:24:in `call'
rack (2.0.5) lib/rack/method_override.rb:22:in `call'
rack (2.0.5) lib/rack/runtime.rb:22:in `call'
activesupport (5.0.2) lib/active_support/cache/strategy/local_cache_middleware.rb:28:in `call'
actionpack (5.0.2) lib/action_dispatch/middleware/executor.rb:12:in `call'
actionpack (5.0.2) lib/action_dispatch/middleware/static.rb:136:in `call'
rack (2.0.5) lib/rack/sendfile.rb:111:in `call'
railties (5.0.2) lib/rails/engine.rb:522:in `call'
puma (3.9.1) lib/puma/configuration.rb:224:in `call'
puma (3.9.1) lib/puma/server.rb:602:in `handle_request'
puma (3.9.1) lib/puma/server.rb:435:in `process_client'
puma (3.9.1) lib/puma/server.rb:299:in `block in run'
puma (3.9.1) lib/puma/thread_pool.rb:120:in `block in spawn_thread'
  Rendering /Users/mac/.rbenv/versions/2.5.0/lib/ruby/gems/2.5.0/gems/actionpack-5.0.2/lib/action_dispatch/middleware/templates/rescues/diagnostics.html.erb within rescues/layout
  Rendering /Users/mac/.rbenv/versions/2.5.0/lib/ruby/gems/2.5.0/gems/actionpack-5.0.2/lib/action_dispatch/middleware/templates/rescues/_source.html.erb
  Rendered /Users/mac/.rbenv/versions/2.5.0/lib/ruby/gems/2.5.0/gems/actionpack-5.0.2/lib/action_dispatch/middleware/templates/rescues/_source.html.erb (3.0ms)
  Rendering /Users/mac/.rbenv/versions/2.5.0/lib/ruby/gems/2.5.0/gems/actionpack-5.0.2/lib/action_dispatch/middleware/templates/rescues/_trace.html.erb
  Rendered /Users/mac/.rbenv/versions/2.5.0/lib/ruby/gems/2.5.0/gems/actionpack-5.0.2/lib/action_dispatch/middleware/templates/rescues/_trace.html.erb (3.1ms)
  Rendering /Users/mac/.rbenv/versions/2.5.0/lib/ruby/gems/2.5.0/gems/actionpack-5.0.2/lib/action_dispatch/middleware/templates/rescues/_request_and_response.html.erb
  Rendered /Users/mac/.rbenv/versions/2.5.0/lib/ruby/gems/2.5.0/gems/actionpack-5.0.2/lib/action_dispatch/middleware/templates/rescues/_request_and_response.html.erb (1.3ms)
  Rendered /Users/mac/.rbenv/versions/2.5.0/lib/ruby/gems/2.5.0/gems/actionpack-5.0.2/lib/action_dispatch/middleware/templates/rescues/diagnostics.html.erb within rescues/layout (133.1ms)
Started GET "/" for ::1 at 2018-05-13 16:29:46 +0900
  
SyntaxError (/Users/mac/task_kanri/app/controllers/tasks_controller.rb:20: syntax error, unexpected end-of-input, expecting keyword_end):
  
app/controllers/tasks_controller.rb:20: syntax error, unexpected end-of-input, expecting keyword_end
  Rendering /Users/mac/.rbenv/versions/2.5.0/lib/ruby/gems/2.5.0/gems/actionpack-5.0.2/lib/action_dispatch/middleware/templates/rescues/diagnostics.html.erb within rescues/layout
  Rendering /Users/mac/.rbenv/versions/2.5.0/lib/ruby/gems/2.5.0/gems/actionpack-5.0.2/lib/action_dispatch/middleware/templates/rescues/_source.html.erb
  Rendered /Users/mac/.rbenv/versions/2.5.0/lib/ruby/gems/2.5.0/gems/actionpack-5.0.2/lib/action_dispatch/middleware/templates/rescues/_source.html.erb (3.0ms)
  Rendering /Users/mac/.rbenv/versions/2.5.0/lib/ruby/gems/2.5.0/gems/actionpack-5.0.2/lib/action_dispatch/middleware/templates/rescues/_trace.html.erb
  Rendered /Users/mac/.rbenv/versions/2.5.0/lib/ruby/gems/2.5.0/gems/actionpack-5.0.2/lib/action_dispatch/middleware/templates/rescues/_trace.html.erb (1.7ms)
  Rendering /Users/mac/.rbenv/versions/2.5.0/lib/ruby/gems/2.5.0/gems/actionpack-5.0.2/lib/action_dispatch/middleware/templates/rescues/_request_and_response.html.erb
  Rendered /Users/mac/.rbenv/versions/2.5.0/lib/ruby/gems/2.5.0/gems/actionpack-5.0.2/lib/action_dispatch/middleware/templates/rescues/_request_and_response.html.erb (1.0ms)
  Rendered /Users/mac/.rbenv/versions/2.5.0/lib/ruby/gems/2.5.0/gems/actionpack-5.0.2/lib/action_dispatch/middleware/templates/rescues/diagnostics.html.erb within rescues/layout (117.5ms)
Started GET "/" for ::1 at 2018-05-13 16:30:35 +0900
  
SyntaxError (/Users/mac/task_kanri/app/controllers/tasks_controller.rb:18: syntax error, unexpected end-of-input, expecting keyword_end
  end
     ^):
  
app/controllers/tasks_controller.rb:18: syntax error, unexpected end-of-input, expecting keyword_end
  Rendering /Users/mac/.rbenv/versions/2.5.0/lib/ruby/gems/2.5.0/gems/actionpack-5.0.2/lib/action_dispatch/middleware/templates/rescues/diagnostics.html.erb within rescues/layout
  Rendering /Users/mac/.rbenv/versions/2.5.0/lib/ruby/gems/2.5.0/gems/actionpack-5.0.2/lib/action_dispatch/middleware/templates/rescues/_source.html.erb
  Rendered /Users/mac/.rbenv/versions/2.5.0/lib/ruby/gems/2.5.0/gems/actionpack-5.0.2/lib/action_dispatch/middleware/templates/rescues/_source.html.erb (3.1ms)
  Rendering /Users/mac/.rbenv/versions/2.5.0/lib/ruby/gems/2.5.0/gems/actionpack-5.0.2/lib/action_dispatch/middleware/templates/rescues/_trace.html.erb
  Rendered /Users/mac/.rbenv/versions/2.5.0/lib/ruby/gems/2.5.0/gems/actionpack-5.0.2/lib/action_dispatch/middleware/templates/rescues/_trace.html.erb (1.5ms)
  Rendering /Users/mac/.rbenv/versions/2.5.0/lib/ruby/gems/2.5.0/gems/actionpack-5.0.2/lib/action_dispatch/middleware/templates/rescues/_request_and_response.html.erb
  Rendered /Users/mac/.rbenv/versions/2.5.0/lib/ruby/gems/2.5.0/gems/actionpack-5.0.2/lib/action_dispatch/middleware/templates/rescues/_request_and_response.html.erb (1.0ms)
  Rendered /Users/mac/.rbenv/versions/2.5.0/lib/ruby/gems/2.5.0/gems/actionpack-5.0.2/lib/action_dispatch/middleware/templates/rescues/diagnostics.html.erb within rescues/layout (114.2ms)
Started GET "/" for ::1 at 2018-05-13 16:31:10 +0900
  
SyntaxError (/Users/mac/task_kanri/app/controllers/tasks_controller.rb:20: syntax error, unexpected end-of-input, expecting keyword_end):
  
app/controllers/tasks_controller.rb:20: syntax error, unexpected end-of-input, expecting keyword_end
  Rendering /Users/mac/.rbenv/versions/2.5.0/lib/ruby/gems/2.5.0/gems/actionpack-5.0.2/lib/action_dispatch/middleware/templates/rescues/diagnostics.html.erb within rescues/layout
  Rendering /Users/mac/.rbenv/versions/2.5.0/lib/ruby/gems/2.5.0/gems/actionpack-5.0.2/lib/action_dispatch/middleware/templates/rescues/_source.html.erb
  Rendered /Users/mac/.rbenv/versions/2.5.0/lib/ruby/gems/2.5.0/gems/actionpack-5.0.2/lib/action_dispatch/middleware/templates/rescues/_source.html.erb (3.3ms)
  Rendering /Users/mac/.rbenv/versions/2.5.0/lib/ruby/gems/2.5.0/gems/actionpack-5.0.2/lib/action_dispatch/middleware/templates/rescues/_trace.html.erb
  Rendered /Users/mac/.rbenv/versions/2.5.0/lib/ruby/gems/2.5.0/gems/actionpack-5.0.2/lib/action_dispatch/middleware/templates/rescues/_trace.html.erb (2.8ms)
  Rendering /Users/mac/.rbenv/versions/2.5.0/lib/ruby/gems/2.5.0/gems/actionpack-5.0.2/lib/action_dispatch/middleware/templates/rescues/_request_and_response.html.erb
  Rendered /Users/mac/.rbenv/versions/2.5.0/lib/ruby/gems/2.5.0/gems/actionpack-5.0.2/lib/action_dispatch/middleware/templates/rescues/_request_and_response.html.erb (1.0ms)
  Rendered /Users/mac/.rbenv/versions/2.5.0/lib/ruby/gems/2.5.0/gems/actionpack-5.0.2/lib/action_dispatch/middleware/templates/rescues/diagnostics.html.erb within rescues/layout (126.0ms)
Started GET "/" for ::1 at 2018-05-13 16:47:22 +0900
Processing by TasksController#index as HTML
  Rendering tasks/index.html.erb within layouts/application
  [1m[36mTask Load (0.5ms)[0m  [1m[34mSELECT  "tasks".* FROM "tasks" ORDER BY kanryo asc, kigen asc LIMIT ? OFFSET ?[0m  [["LIMIT", 5], ["OFFSET", 0]]
  [1m[35m (0.1ms)[0m  [1m[34mSELECT COUNT(*) FROM "tasks"[0m
  Rendered tasks/index.html.erb within layouts/application (17.4ms)
Completed 200 OK in 252ms (Views: 245.3ms | ActiveRecord: 1.2ms)


Started GET "/?page=2" for ::1 at 2018-05-13 16:47:26 +0900
Processing by TasksController#index as HTML
  Parameters: {"page"=>"2"}
  Rendering tasks/index.html.erb within layouts/application
  [1m[36mTask Load (0.3ms)[0m  [1m[34mSELECT  "tasks".* FROM "tasks" ORDER BY kanryo asc, kigen asc LIMIT ? OFFSET ?[0m  [["LIMIT", 5], ["OFFSET", 5]]
  [1m[35m (0.1ms)[0m  [1m[34mSELECT COUNT(*) FROM "tasks"[0m
  Rendered tasks/index.html.erb within layouts/application (4.0ms)
Completed 200 OK in 37ms (Views: 34.9ms | ActiveRecord: 0.4ms)


Started GET "/?page=1" for ::1 at 2018-05-13 16:47:28 +0900
Processing by TasksController#index as HTML
  Parameters: {"page"=>"1"}
  Rendering tasks/index.html.erb within layouts/application
  [1m[36mTask Load (0.3ms)[0m  [1m[34mSELECT  "tasks".* FROM "tasks" ORDER BY kanryo asc, kigen asc LIMIT ? OFFSET ?[0m  [["LIMIT", 5], ["OFFSET", 0]]
  [1m[35m (0.1ms)[0m  [1m[34mSELECT COUNT(*) FROM "tasks"[0m
  Rendered tasks/index.html.erb within layouts/application (3.9ms)
Completed 200 OK in 21ms (Views: 19.0ms | ActiveRecord: 0.4ms)


Started GET "/?page=1" for ::1 at 2018-05-13 16:50:49 +0900
Processing by TasksController#index as HTML
  Parameters: {"page"=>"1"}
  Rendering tasks/index.html.erb within layouts/application
  [1m[36mTask Load (0.4ms)[0m  [1m[34mSELECT  "tasks".* FROM "tasks" ORDER BY kanryo asc, kigen asc LIMIT ? OFFSET ?[0m  [["LIMIT", 5], ["OFFSET", 0]]
  [1m[35m (0.2ms)[0m  [1m[34mSELECT COUNT(*) FROM "tasks"[0m
  Rendered tasks/index.html.erb within layouts/application (15.2ms)
Completed 200 OK in 35ms (Views: 29.3ms | ActiveRecord: 1.2ms)


Started GET "/tasks/1/kanryo" for ::1 at 2018-05-13 16:51:02 +0900
Processing by TasksController#kanryo as HTML
  Parameters: {"id"=>"1"}
  [1m[36mTask Load (0.2ms)[0m  [1m[34mSELECT  "tasks".* FROM "tasks" WHERE "tasks"."id" = ? LIMIT ?[0m  [["id", 1], ["LIMIT", 1]]
  [1m[35m (0.1ms)[0m  [1m[36mbegin transaction[0m
  [1m[35mSQL (0.6ms)[0m  [1m[33mUPDATE "tasks" SET "kanryo" = ?, "updated_at" = ? WHERE "tasks"."id" = ?[0m  [["kanryo", true], ["updated_at", 2018-05-13 07:51:02 UTC], ["id", 1]]
  [1m[35m (0.8ms)[0m  [1m[36mcommit transaction[0m
Redirected to http://localhost:3000/?page=1
Completed 302 Found in 9ms (ActiveRecord: 1.7ms)


Started GET "/?page=1" for ::1 at 2018-05-13 16:51:02 +0900
Processing by TasksController#index as HTML
  Parameters: {"page"=>"1"}
  Rendering tasks/index.html.erb within layouts/application
  [1m[36mTask Load (0.4ms)[0m  [1m[34mSELECT  "tasks".* FROM "tasks" ORDER BY kanryo asc, kigen asc LIMIT ? OFFSET ?[0m  [["LIMIT", 5], ["OFFSET", 0]]
  [1m[35m (0.1ms)[0m  [1m[34mSELECT COUNT(*) FROM "tasks"[0m
  Rendered tasks/index.html.erb within layouts/application (6.9ms)
Completed 200 OK in 26ms (Views: 23.7ms | ActiveRecord: 0.5ms)


Started GET "/?page=3" for ::1 at 2018-05-13 16:51:09 +0900
Processing by TasksController#index as HTML
  Parameters: {"page"=>"3"}
  Rendering tasks/index.html.erb within layouts/application
  [1m[36mTask Load (0.3ms)[0m  [1m[34mSELECT  "tasks".* FROM "tasks" ORDER BY kanryo asc, kigen asc LIMIT ? OFFSET ?[0m  [["LIMIT", 5], ["OFFSET", 10]]
  [1m[35m (0.1ms)[0m  [1m[34mSELECT COUNT(*) FROM "tasks"[0m
  Rendered tasks/index.html.erb within layouts/application (4.8ms)
Completed 200 OK in 26ms (Views: 23.8ms | ActiveRecord: 0.4ms)


Started GET "/?page=3" for ::1 at 2018-05-13 16:51:11 +0900
Processing by TasksController#index as HTML
  Parameters: {"page"=>"3"}
  Rendering tasks/index.html.erb within layouts/application
  [1m[36mTask Load (0.3ms)[0m  [1m[34mSELECT  "tasks".* FROM "tasks" ORDER BY kanryo asc, kigen asc LIMIT ? OFFSET ?[0m  [["LIMIT", 5], ["OFFSET", 10]]
  [1m[35m (0.1ms)[0m  [1m[34mSELECT COUNT(*) FROM "tasks"[0m
  Rendered tasks/index.html.erb within layouts/application (5.1ms)
Completed 200 OK in 22ms (Views: 19.9ms | ActiveRecord: 0.4ms)


Started GET "/?page=1" for ::1 at 2018-05-13 16:51:13 +0900
Processing by TasksController#index as HTML
  Parameters: {"page"=>"1"}
  Rendering tasks/index.html.erb within layouts/application
  [1m[36mTask Load (0.4ms)[0m  [1m[34mSELECT  "tasks".* FROM "tasks" ORDER BY kanryo asc, kigen asc LIMIT ? OFFSET ?[0m  [["LIMIT", 5], ["OFFSET", 0]]
  [1m[35m (0.1ms)[0m  [1m[34mSELECT COUNT(*) FROM "tasks"[0m
  Rendered tasks/index.html.erb within layouts/application (6.1ms)
Completed 200 OK in 29ms (Views: 26.5ms | ActiveRecord: 0.5ms)


Started GET "/?page=1" for ::1 at 2018-05-13 16:52:34 +0900
Processing by TasksController#index as HTML
  Parameters: {"page"=>"1"}
  Rendering tasks/index.html.erb within layouts/application
  [1m[36mTask Load (0.4ms)[0m  [1m[34mSELECT  "tasks".* FROM "tasks" ORDER BY kanryo asc, kigen asc LIMIT ? OFFSET ?[0m  [["LIMIT", 5], ["OFFSET", 0]]
  [1m[35m (0.2ms)[0m  [1m[34mSELECT COUNT(*) FROM "tasks"[0m
  Rendered tasks/index.html.erb within layouts/application (15.7ms)
Completed 200 OK in 39ms (Views: 33.3ms | ActiveRecord: 1.2ms)


Started GET "/tasks/2" for ::1 at 2018-05-13 16:52:46 +0900
Processing by TasksController#show as HTML
  Parameters: {"id"=>"2"}
  [1m[36mTask Load (0.2ms)[0m  [1m[34mSELECT  "tasks".* FROM "tasks" WHERE "tasks"."id" = ? LIMIT ?[0m  [["id", 2], ["LIMIT", 1]]
  Rendering tasks/show.html.erb within layouts/application
  Rendered tasks/show.html.erb within layouts/application (0.8ms)
Completed 200 OK in 17ms (Views: 16.2ms | ActiveRecord: 0.2ms)


Started GET "/tasks" for ::1 at 2018-05-13 16:52:48 +0900
Processing by TasksController#index as HTML
  Rendering tasks/index.html.erb within layouts/application
  [1m[36mTask Load (0.3ms)[0m  [1m[34mSELECT  "tasks".* FROM "tasks" ORDER BY kanryo asc, kigen asc LIMIT ? OFFSET ?[0m  [["LIMIT", 5], ["OFFSET", 0]]
  [1m[35m (0.2ms)[0m  [1m[34mSELECT COUNT(*) FROM "tasks"[0m
  Rendered tasks/index.html.erb within layouts/application (5.3ms)
Completed 200 OK in 28ms (Views: 25.3ms | ActiveRecord: 0.5ms)


Started GET "/tasks" for ::1 at 2018-05-13 16:56:05 +0900
Processing by TasksController#index as HTML
  Rendering tasks/index.html.erb within layouts/application
  [1m[36mTask Load (0.4ms)[0m  [1m[34mSELECT  "tasks".* FROM "tasks" ORDER BY kanryo asc, kigen asc LIMIT ? OFFSET ?[0m  [["LIMIT", 5], ["OFFSET", 0]]
  [1m[35m (0.2ms)[0m  [1m[34mSELECT COUNT(*) FROM "tasks"[0m
  Rendered tasks/index.html.erb within layouts/application (12.9ms)
Completed 200 OK in 34ms (Views: 28.0ms | ActiveRecord: 1.2ms)


Started GET "/tasks/new" for ::1 at 2018-05-13 16:56:08 +0900
Processing by TasksController#new as HTML
  Rendering tasks/new.html.erb within layouts/application
  Rendered tasks/_form.html.erb (18.1ms)
  Rendered tasks/new.html.erb within layouts/application (21.7ms)
Completed 200 OK in 45ms (Views: 44.7ms | ActiveRecord: 0.0ms)


Started POST "/tasks" for ::1 at 2018-05-13 16:57:48 +0900
Processing by TasksController#create as HTML
  Parameters: {"utf8"=>"✓", "authenticity_token"=>"m6u3L2UFfEw6HqPbJVEIJYNSFqIuLZ8S0e4sJ7OZ1FnSmI+TUjq0L0py7s8m9zeEpJRSVpW1mu/mOiQRy3rPIQ==", "task"=>{"name"=>"うんこする", "shosai"=>"まず、トイレ(個室)にいく。\r\nそのあと、ズボンを脱いで便を排泄する。\r\n感染症を防ぐため、肛門や手の洗浄も忘れないこと。", "kigen_str"=>"5/8"}, "commit"=>"登録する"}
Completed 500 Internal Server Error in 2ms (ActiveRecord: 0.0ms)


  
ArgumentError (invalid date):
  
app/controllers/tasks_controller.rb:58:in `new'
app/controllers/tasks_controller.rb:58:in `create'
  Rendering /Users/mac/.rbenv/versions/2.5.0/lib/ruby/gems/2.5.0/gems/actionpack-5.0.2/lib/action_dispatch/middleware/templates/rescues/diagnostics.html.erb within rescues/layout
  Rendering /Users/mac/.rbenv/versions/2.5.0/lib/ruby/gems/2.5.0/gems/actionpack-5.0.2/lib/action_dispatch/middleware/templates/rescues/_source.html.erb
  Rendered /Users/mac/.rbenv/versions/2.5.0/lib/ruby/gems/2.5.0/gems/actionpack-5.0.2/lib/action_dispatch/middleware/templates/rescues/_source.html.erb (5.8ms)
  Rendering /Users/mac/.rbenv/versions/2.5.0/lib/ruby/gems/2.5.0/gems/actionpack-5.0.2/lib/action_dispatch/middleware/templates/rescues/_trace.html.erb
  Rendered /Users/mac/.rbenv/versions/2.5.0/lib/ruby/gems/2.5.0/gems/actionpack-5.0.2/lib/action_dispatch/middleware/templates/rescues/_trace.html.erb (1.7ms)
  Rendering /Users/mac/.rbenv/versions/2.5.0/lib/ruby/gems/2.5.0/gems/actionpack-5.0.2/lib/action_dispatch/middleware/templates/rescues/_request_and_response.html.erb
  Rendered /Users/mac/.rbenv/versions/2.5.0/lib/ruby/gems/2.5.0/gems/actionpack-5.0.2/lib/action_dispatch/middleware/templates/rescues/_request_and_response.html.erb (1.3ms)
  Rendered /Users/mac/.rbenv/versions/2.5.0/lib/ruby/gems/2.5.0/gems/actionpack-5.0.2/lib/action_dispatch/middleware/templates/rescues/diagnostics.html.erb within rescues/layout (129.3ms)
Started POST "/tasks" for ::1 at 2018-05-13 16:58:17 +0900
Processing by TasksController#create as HTML
  Parameters: {"utf8"=>"✓", "authenticity_token"=>"m6u3L2UFfEw6HqPbJVEIJYNSFqIuLZ8S0e4sJ7OZ1FnSmI+TUjq0L0py7s8m9zeEpJRSVpW1mu/mOiQRy3rPIQ==", "task"=>{"name"=>"うんこする", "shosai"=>"まず、トイレ(個室)にいく。\r\nそのあと、ズボンを脱いで便を排泄する。\r\n感染症を防ぐため、肛門や手の洗浄も忘れないこと。", "kigen_str"=>"20180515"}, "commit"=>"登録する"}
  [1m[35m (0.1ms)[0m  [1m[36mbegin transaction[0m
  [1m[35mSQL (0.5ms)[0m  [1m[32mINSERT INTO "tasks" ("name", "shosai", "kigen", "kanryo", "created_at", "updated_at") VALUES (?, ?, ?, ?, ?, ?)[0m  [["name", "うんこする"], ["shosai", "まず、トイレ(個室)にいく。\r\nそのあと、ズボンを脱いで便を排泄する。\r\n感染症を防ぐため、肛門や手の洗浄も忘れないこと。"], ["kigen", 2018-05-15 00:00:00 UTC], ["kanryo", false], ["created_at", 2018-05-13 07:58:17 UTC], ["updated_at", 2018-05-13 07:58:17 UTC]]
  [1m[35m (0.8ms)[0m  [1m[36mcommit transaction[0m
Redirected to http://localhost:3000/tasks
Completed 302 Found in 5ms (ActiveRecord: 1.4ms)


Started GET "/tasks" for ::1 at 2018-05-13 16:58:17 +0900
Processing by TasksController#index as HTML
  Rendering tasks/index.html.erb within layouts/application
  [1m[36mTask Load (0.3ms)[0m  [1m[34mSELECT  "tasks".* FROM "tasks" ORDER BY kanryo asc, kigen asc LIMIT ? OFFSET ?[0m  [["LIMIT", 5], ["OFFSET", 0]]
  [1m[35m (0.1ms)[0m  [1m[34mSELECT COUNT(*) FROM "tasks"[0m
  Rendered tasks/index.html.erb within layouts/application (4.8ms)
Completed 200 OK in 25ms (Views: 22.5ms | ActiveRecord: 0.4ms)


Started GET "/tasks/35" for ::1 at 2018-05-13 16:58:23 +0900
Processing by TasksController#show as HTML
  Parameters: {"id"=>"35"}
  [1m[36mTask Load (0.2ms)[0m  [1m[34mSELECT  "tasks".* FROM "tasks" WHERE "tasks"."id" = ? LIMIT ?[0m  [["id", 35], ["LIMIT", 1]]
  Rendering tasks/show.html.erb within layouts/application
  Rendered tasks/show.html.erb within layouts/application (0.7ms)
Completed 200 OK in 17ms (Views: 16.3ms | ActiveRecord: 0.2ms)


Started GET "/tasks" for ::1 at 2018-05-13 16:58:24 +0900
Processing by TasksController#index as HTML
  Rendering tasks/index.html.erb within layouts/application
  [1m[36mTask Load (0.3ms)[0m  [1m[34mSELECT  "tasks".* FROM "tasks" ORDER BY kanryo asc, kigen asc LIMIT ? OFFSET ?[0m  [["LIMIT", 5], ["OFFSET", 0]]
  [1m[35m (0.1ms)[0m  [1m[34mSELECT COUNT(*) FROM "tasks"[0m
  Rendered tasks/index.html.erb within layouts/application (5.1ms)
Completed 200 OK in 23ms (Views: 20.8ms | ActiveRecord: 0.4ms)


Started GET "/tasks" for ::1 at 2018-05-13 17:01:48 +0900
Processing by TasksController#index as HTML
  Rendering tasks/index.html.erb within layouts/application
  [1m[36mTask Load (0.5ms)[0m  [1m[34mSELECT  "tasks".* FROM "tasks" ORDER BY kanryo asc, kigen asc LIMIT ? OFFSET ?[0m  [["LIMIT", 5], ["OFFSET", 0]]
  [1m[35m (0.1ms)[0m  [1m[34mSELECT COUNT(*) FROM "tasks"[0m
  Rendered tasks/index.html.erb within layouts/application (12.8ms)
Completed 200 OK in 33ms (Views: 27.5ms | ActiveRecord: 1.2ms)


Started GET "/tasks" for ::1 at 2018-05-13 17:03:12 +0900
Processing by TasksController#index as HTML
  Rendering tasks/index.html.erb within layouts/application
  [1m[36mTask Load (0.4ms)[0m  [1m[34mSELECT  "tasks".* FROM "tasks" ORDER BY kanryo asc, kigen asc LIMIT ? OFFSET ?[0m  [["LIMIT", 5], ["OFFSET", 0]]
  [1m[35m (0.1ms)[0m  [1m[34mSELECT COUNT(*) FROM "tasks"[0m
  Rendered tasks/index.html.erb within layouts/application (12.1ms)
Completed 200 OK in 35ms (Views: 29.3ms | ActiveRecord: 1.1ms)


Started GET "/tasks" for ::1 at 2018-05-13 17:04:01 +0900
Processing by TasksController#index as HTML
  Rendering tasks/index.html.erb within layouts/application
  [1m[36mTask Load (0.3ms)[0m  [1m[34mSELECT  "tasks".* FROM "tasks" ORDER BY kanryo asc, kigen asc LIMIT ? OFFSET ?[0m  [["LIMIT", 5], ["OFFSET", 0]]
  [1m[35m (0.1ms)[0m  [1m[34mSELECT COUNT(*) FROM "tasks"[0m
  Rendered tasks/index.html.erb within layouts/application (5.0ms)
Completed 200 OK in 30ms (Views: 27.3ms | ActiveRecord: 0.4ms)


Started GET "/tasks/new" for ::1 at 2018-05-13 17:04:03 +0900
Processing by TasksController#new as HTML
  Rendering tasks/new.html.erb within layouts/application
  Rendered tasks/_form.html.erb (0.8ms)
  Rendered tasks/new.html.erb within layouts/application (4.5ms)
Completed 200 OK in 24ms (Views: 23.8ms | ActiveRecord: 0.0ms)


Started GET "/tasks" for ::1 at 2018-05-13 17:04:09 +0900
Processing by TasksController#index as HTML
  Rendering tasks/index.html.erb within layouts/application
  [1m[36mTask Load (0.3ms)[0m  [1m[34mSELECT  "tasks".* FROM "tasks" ORDER BY kanryo asc, kigen asc LIMIT ? OFFSET ?[0m  [["LIMIT", 5], ["OFFSET", 0]]
  [1m[35m (0.2ms)[0m  [1m[34mSELECT COUNT(*) FROM "tasks"[0m
  Rendered tasks/index.html.erb within layouts/application (8.2ms)
Completed 200 OK in 34ms (Views: 32.0ms | ActiveRecord: 0.5ms)


Started GET "/" for ::1 at 2018-05-13 17:05:24 +0900
Processing by TasksController#index as HTML
  Rendering tasks/index.html.erb within layouts/application
  [1m[36mTask Load (0.3ms)[0m  [1m[34mSELECT  "tasks".* FROM "tasks" ORDER BY kanryo asc, kigen asc LIMIT ? OFFSET ?[0m  [["LIMIT", 5], ["OFFSET", 0]]
  [1m[35m (0.2ms)[0m  [1m[34mSELECT COUNT(*) FROM "tasks"[0m
  Rendered tasks/index.html.erb within layouts/application (5.5ms)
Completed 200 OK in 23ms (Views: 20.9ms | ActiveRecord: 0.5ms)


Started GET "/tasks/2" for ::1 at 2018-05-13 17:05:29 +0900
Processing by TasksController#show as HTML
  Parameters: {"id"=>"2"}
  [1m[36mTask Load (0.2ms)[0m  [1m[34mSELECT  "tasks".* FROM "tasks" WHERE "tasks"."id" = ? LIMIT ?[0m  [["id", 2], ["LIMIT", 1]]
  Rendering tasks/show.html.erb within layouts/application
  Rendered tasks/show.html.erb within layouts/application (0.8ms)
Completed 200 OK in 18ms (Views: 16.5ms | ActiveRecord: 0.2ms)


Started GET "/tasks" for ::1 at 2018-05-13 17:05:31 +0900
Processing by TasksController#index as HTML
  Rendering tasks/index.html.erb within layouts/application
  [1m[36mTask Load (0.3ms)[0m  [1m[34mSELECT  "tasks".* FROM "tasks" ORDER BY kanryo asc, kigen asc LIMIT ? OFFSET ?[0m  [["LIMIT", 5], ["OFFSET", 0]]
  [1m[35m (0.1ms)[0m  [1m[34mSELECT COUNT(*) FROM "tasks"[0m
  Rendered tasks/index.html.erb within layouts/application (5.0ms)
Completed 200 OK in 23ms (Views: 20.5ms | ActiveRecord: 0.4ms)


Started GET "/" for ::1 at 2018-05-13 17:08:17 +0900
Processing by TasksController#index as HTML
  Rendering tasks/index.html.erb within layouts/application
  [1m[36mTask Load (0.3ms)[0m  [1m[34mSELECT  "tasks".* FROM "tasks" ORDER BY kanryo asc, kigen asc LIMIT ? OFFSET ?[0m  [["LIMIT", 5], ["OFFSET", 0]]
  [1m[35m (0.1ms)[0m  [1m[34mSELECT COUNT(*) FROM "tasks"[0m
  Rendered tasks/index.html.erb within layouts/application (5.1ms)
Completed 200 OK in 22ms (Views: 19.5ms | ActiveRecord: 0.4ms)


Started GET "/tasks?kanryo=true" for ::1 at 2018-05-13 17:08:21 +0900
Processing by TasksController#index as HTML
  Parameters: {"kanryo"=>"true"}
  Rendering tasks/index.html.erb within layouts/application
  [1m[36mTask Load (0.3ms)[0m  [1m[34mSELECT  "tasks".* FROM "tasks" WHERE (kanryo = 't') ORDER BY kanryo asc, kigen asc LIMIT ? OFFSET ?[0m  [["LIMIT", 5], ["OFFSET", 0]]
  [1m[35m (0.1ms)[0m  [1m[34mSELECT COUNT(*) FROM "tasks" WHERE (kanryo = 't')[0m
  Rendered tasks/index.html.erb within layouts/application (4.8ms)
Completed 200 OK in 23ms (Views: 20.1ms | ActiveRecord: 0.4ms)


Started GET "/" for ::1 at 2018-05-14 18:39:31 +0900
  [1m[36mActiveRecord::SchemaMigration Load (0.2ms)[0m  [1m[34mSELECT "schema_migrations".* FROM "schema_migrations"[0m
Processing by TasksController#index as HTML
  Rendering tasks/index.html.erb within layouts/application
  [1m[36mTask Load (0.4ms)[0m  [1m[34mSELECT  "tasks".* FROM "tasks" ORDER BY kanryo asc, kigen asc LIMIT ? OFFSET ?[0m  [["LIMIT", 5], ["OFFSET", 0]]
  [1m[35m (0.2ms)[0m  [1m[34mSELECT COUNT(*) FROM "tasks"[0m
  Rendered tasks/index.html.erb within layouts/application (19.8ms)
Completed 200 OK in 272ms (Views: 264.7ms | ActiveRecord: 1.2ms)


Started GET "/?page=2" for ::1 at 2018-05-14 18:39:50 +0900
Processing by TasksController#index as HTML
  Parameters: {"page"=>"2"}
  Rendering tasks/index.html.erb within layouts/application
  [1m[36mTask Load (0.5ms)[0m  [1m[34mSELECT  "tasks".* FROM "tasks" ORDER BY kanryo asc, kigen asc LIMIT ? OFFSET ?[0m  [["LIMIT", 5], ["OFFSET", 5]]
  [1m[35m (0.1ms)[0m  [1m[34mSELECT COUNT(*) FROM "tasks"[0m
  Rendered tasks/index.html.erb within layouts/application (8.5ms)
Completed 200 OK in 51ms (Views: 47.7ms | ActiveRecord: 0.7ms)


Started GET "/tasks/7" for ::1 at 2018-05-14 18:39:53 +0900
Processing by TasksController#show as HTML
  Parameters: {"id"=>"7"}
  [1m[36mTask Load (0.5ms)[0m  [1m[34mSELECT  "tasks".* FROM "tasks" WHERE "tasks"."id" = ? LIMIT ?[0m  [["id", 7], ["LIMIT", 1]]
  Rendering tasks/show.html.erb within layouts/application
  Rendered tasks/show.html.erb within layouts/application (1.3ms)
Completed 200 OK in 39ms (Views: 34.3ms | ActiveRecord: 0.5ms)


Started GET "/tasks" for ::1 at 2018-05-14 18:39:56 +0900
Processing by TasksController#index as HTML
  Rendering tasks/index.html.erb within layouts/application
  [1m[36mTask Load (0.5ms)[0m  [1m[34mSELECT  "tasks".* FROM "tasks" ORDER BY kanryo asc, kigen asc LIMIT ? OFFSET ?[0m  [["LIMIT", 5], ["OFFSET", 0]]
  [1m[35m (0.1ms)[0m  [1m[34mSELECT COUNT(*) FROM "tasks"[0m
  Rendered tasks/index.html.erb within layouts/application (9.6ms)
Completed 200 OK in 42ms (Views: 38.3ms | ActiveRecord: 0.6ms)


Started GET "/tasks/2/edit" for ::1 at 2018-05-14 18:39:57 +0900
Processing by TasksController#edit as HTML
  Parameters: {"id"=>"2"}
  [1m[36mTask Load (0.2ms)[0m  [1m[34mSELECT  "tasks".* FROM "tasks" WHERE "tasks"."id" = ? LIMIT ?[0m  [["id", 2], ["LIMIT", 1]]
  Rendering tasks/edit.html.erb within layouts/application
  Rendered tasks/_form.html.erb (11.6ms)
  Rendered tasks/edit.html.erb within layouts/application (16.2ms)
Completed 200 OK in 37ms (Views: 33.3ms | ActiveRecord: 0.2ms)


Started PATCH "/tasks/2" for ::1 at 2018-05-14 18:40:06 +0900
Processing by TasksController#update as HTML
  Parameters: {"utf8"=>"✓", "authenticity_token"=>"490h3wj8nNqVNUbKvCdl3e/XBJj/9ZG4+pNuzwk81U4/6mPcCSikkMXNPP8gTE908NKwUIPW2hmrXh2FWIlARA==", "task"=>{"name"=>"タスク管理", "shosai"=>"タスク管理アプリを作成する", "kigen_str"=>"20180514"}, "commit"=>"編集する", "id"=>"2"}
  [1m[36mTask Load (0.4ms)[0m  [1m[34mSELECT  "tasks".* FROM "tasks" WHERE "tasks"."id" = ? LIMIT ?[0m  [["id", 2], ["LIMIT", 1]]
  [1m[35m (0.1ms)[0m  [1m[36mbegin transaction[0m
  [1m[35m (0.1ms)[0m  [1m[36mcommit transaction[0m
Redirected to http://localhost:3000/tasks
Completed 302 Found in 5ms (ActiveRecord: 0.5ms)


Started GET "/tasks" for ::1 at 2018-05-14 18:40:06 +0900
Processing by TasksController#index as HTML
  Rendering tasks/index.html.erb within layouts/application
  [1m[36mTask Load (0.3ms)[0m  [1m[34mSELECT  "tasks".* FROM "tasks" ORDER BY kanryo asc, kigen asc LIMIT ? OFFSET ?[0m  [["LIMIT", 5], ["OFFSET", 0]]
  [1m[35m (0.2ms)[0m  [1m[34mSELECT COUNT(*) FROM "tasks"[0m
  Rendered tasks/index.html.erb within layouts/application (5.5ms)
Completed 200 OK in 25ms (Views: 22.0ms | ActiveRecord: 0.5ms)


